2026-04-13 09:33:23.547 [info] [main] Log level: Info
2026-04-13 09:33:23.548 [info] [main] Validating found git in: "git"
2026-04-13 09:33:23.548 [info] [main] Using git "2.51.2" from "git"
2026-04-13 09:33:23.548 [info] [Model][doInitialScan] Initial repository scan started
2026-04-13 09:33:23.548 [info] > git rev-parse --show-toplevel [8ms]
2026-04-13 09:33:23.548 [info] > git rev-parse --show-toplevel [1ms]
2026-04-13 09:33:23.548 [info] [Model][doInitialScan] Initial repository scan completed - repositories (0), closed repositories (0), parent repositories (1), unsafe repositories (0)
2026-04-13 09:33:23.630 [info] > git rev-parse --show-toplevel [1ms]
2026-04-13 09:33:23.672 [info] > git rev-parse --show-toplevel [2ms]
2026-04-13 09:33:25.387 [info] > git rev-parse --show-toplevel [1ms]
2026-04-13 09:33:39.020 [info] [main] Log level: Info
2026-04-13 09:33:39.020 [info] [main] Validating found git in: "git"
2026-04-13 09:33:39.020 [info] [main] Using git "2.51.2" from "git"
2026-04-13 09:33:39.020 [info] [Model][doInitialScan] Initial repository scan started
2026-04-13 09:33:39.020 [info] > git rev-parse --show-toplevel [3ms]
2026-04-13 09:33:39.025 [info] > git rev-parse --show-toplevel [1ms]
2026-04-13 09:33:39.030 [info] > git rev-parse --show-toplevel [1ms]
2026-04-13 09:33:39.032 [info] [Model][doInitialScan] Initial repository scan completed - repositories (0), closed repositories (0), parent repositories (1), unsafe repositories (0)
2026-04-13 09:33:39.571 [info] > git rev-parse --show-toplevel [1ms]
2026-04-13 09:34:37.587 [info] > git rev-parse --show-toplevel [1ms]
2026-04-13 09:34:38.161 [info] > git rev-parse --show-toplevel [1ms]
2026-04-13 09:34:48.243 [info] > git rev-parse --show-toplevel [1ms]
2026-04-13 09:34:48.259 [info] > git rev-parse --git-dir --git-common-dir --show-superproject-working-tree [12ms]
2026-04-13 09:34:48.266 [info] [Model][openRepository] Opened repository (path): /home/martijn/school/periode7/wdv/pokedex
2026-04-13 09:34:48.266 [info] [Model][openRepository] Opened repository (real path): /home/martijn/school/periode7/wdv/pokedex
2026-04-13 09:34:48.266 [info] [Model][openRepository] Opened repository (kind): repository
2026-04-13 09:34:48.276 [info] > git config --get commit.template [4ms]
2026-04-13 09:34:48.284 [info] [Git][getRemotes] No remotes found in the git config file
2026-04-13 09:34:48.285 [info] > git for-each-ref --format=%(refname)%00%(upstream:short)%00%(objectname)%00%(upstream:track)%00%(upstream:remotename)%00%(upstream:remoteref) refs/heads/master refs/remotes/master [2ms]
2026-04-13 09:34:48.285 [warning] [Git][getBranch] No such branch: master
2026-04-13 09:34:48.296 [info] > git status -z -uall [5ms]
2026-04-13 09:34:48.301 [info] > git for-each-ref --sort -committerdate --format %(refname)%00%(objectname)%00%(*objectname) [6ms]
2026-04-13 09:34:48.315 [info] > git for-each-ref --format=%(refname)%00%(upstream:short)%00%(objectname)%00%(upstream:track)%00%(upstream:remotename)%00%(upstream:remoteref) refs/heads/master refs/remotes/master [6ms]
2026-04-13 09:34:48.315 [warning] [Git][getBranch] No such branch: master
2026-04-13 09:34:48.316 [error] [GitHistoryProvider][resolveHEADMergeBase] Failed to resolve merge base for master: Error: No such branch: master.
2026-04-13 09:34:48.317 [info] > git config --get commit.template [2ms]
2026-04-13 09:34:48.322 [info] [Git][getRemotes] No remotes found in the git config file
2026-04-13 09:34:48.323 [info] > git for-each-ref --format=%(refname)%00%(upstream:short)%00%(objectname)%00%(upstream:track)%00%(upstream:remotename)%00%(upstream:remoteref) refs/heads/master refs/remotes/master [1ms]
2026-04-13 09:34:48.323 [warning] [Git][getBranch] No such branch: master
2026-04-13 09:34:48.329 [info] > git status -z -uall [3ms]
2026-04-13 09:34:48.330 [info] > git for-each-ref --sort -committerdate --format %(refname)%00%(objectname)%00%(*objectname) [1ms]
2026-04-13 09:34:48.785 [info] > git check-ignore -v -z --stdin [1ms]
2026-04-13 09:35:25.402 [info] > git config --get commit.template [3ms]
2026-04-13 09:35:25.403 [info] > git for-each-ref --format=%(refname)%00%(upstream:short)%00%(objectname)%00%(upstream:track)%00%(upstream:remotename)%00%(upstream:remoteref) refs/heads/main refs/remotes/main [1ms]
2026-04-13 09:35:25.403 [warning] [Git][getBranch] No such branch: main
2026-04-13 09:35:25.412 [info] > git status -z -uall [6ms]
2026-04-13 09:35:25.412 [info] > git for-each-ref --sort -committerdate --format %(refname)%00%(objectname)%00%(*objectname) [1ms]
2026-04-13 09:35:25.420 [info] > git for-each-ref --format=%(refname)%00%(upstream:short)%00%(objectname)%00%(upstream:track)%00%(upstream:remotename)%00%(upstream:remoteref) refs/heads/main refs/remotes/main [2ms]
2026-04-13 09:35:25.420 [warning] [Git][getBranch] No such branch: main
2026-04-13 09:35:25.420 [error] [GitHistoryProvider][resolveHEADMergeBase] Failed to resolve merge base for main: Error: No such branch: main.
2026-04-13 09:35:30.767 [info] > git config --get commit.template [4ms]
2026-04-13 09:35:30.767 [info] > git for-each-ref --format=%(refname)%00%(upstream:short)%00%(objectname)%00%(upstream:track)%00%(upstream:remotename)%00%(upstream:remoteref) refs/heads/main refs/remotes/main [1ms]
2026-04-13 09:35:30.767 [warning] [Git][getBranch] No such branch: main
2026-04-13 09:35:30.773 [info] > git status -z -uall [3ms]
2026-04-13 09:35:30.773 [info] > git for-each-ref --sort -committerdate --format %(refname)%00%(objectname)%00%(*objectname) [0ms]
2026-04-13 09:35:35.787 [info] > git config --get commit.template [4ms]
2026-04-13 09:35:35.787 [info] > git for-each-ref --format=%(refname)%00%(upstream:short)%00%(objectname)%00%(upstream:track)%00%(upstream:remotename)%00%(upstream:remoteref) refs/heads/main refs/remotes/main [1ms]
2026-04-13 09:35:35.794 [info] > git status -z -uall [4ms]
2026-04-13 09:35:35.795 [info] > git for-each-ref --sort -committerdate --format %(refname)%00%(objectname)%00%(*objectname) [1ms]
2026-04-13 09:35:44.930 [info] > git config --get commit.template [6ms]
2026-04-13 09:35:44.931 [info] > git for-each-ref --format=%(refname)%00%(upstream:short)%00%(objectname)%00%(upstream:track)%00%(upstream:remotename)%00%(upstream:remoteref) refs/heads/main refs/remotes/main [1ms]
2026-04-13 09:35:44.939 [info] > git status -z -uall [5ms]
2026-04-13 09:35:44.940 [info] > git for-each-ref --sort -committerdate --format %(refname)%00%(objectname)%00%(*objectname) [2ms]
2026-04-13 09:35:44.948 [info] > git merge-base refs/heads/main refs/remotes/origin/main [1ms]
2026-04-13 09:35:44.961 [info] > git diff --name-status -z --diff-filter=ADMR --find-renames=50% 4b5a159c2192b19d48378ed9084bd31d21d60134...refs/remotes/origin/main -- [10ms]
2026-04-13 09:48:41.389 [info] > git show --textconv :index.html [5ms]
2026-04-13 09:48:41.390 [info] > git ls-files --stage -- index.html [1ms]
2026-04-13 09:48:41.395 [info] > git cat-file -s c0b324dd9d334fa30bfac39c1cc351350a8cd4b9 [1ms]
2026-04-13 09:48:46.232 [info] > git show --textconv :detail.html [4ms]
2026-04-13 09:48:46.233 [info] > git ls-files --stage -- detail.html [1ms]
2026-04-13 09:48:46.238 [info] > git cat-file -s c0751d82a5d6e8bbc6980e6701f2ca54a5024c18 [1ms]
2026-04-13 09:48:48.445 [info] > git check-ignore -v -z --stdin [1ms]
2026-04-13 09:48:48.740 [info] > git show --textconv :script/script.js [6ms]
2026-04-13 09:48:48.740 [info] > git ls-files --stage -- script/script.js [1ms]
2026-04-13 09:48:48.746 [info] > git cat-file -s cee1483d8d845f889edf16acd0e2e7aa7cf1dc00 [2ms]
2026-04-13 09:48:49.103 [info] > git show --textconv :script/detail.js [7ms]
2026-04-13 09:48:49.104 [info] > git ls-files --stage -- script/detail.js [2ms]
2026-04-13 09:48:49.110 [info] > git cat-file -s 38ead4850e96fb7bb0875cfddf8305d2e7c42ce8 [1ms]
2026-04-13 09:48:51.896 [info] > git blame --root --incremental 4b5a159c2192b19d48378ed9084bd31d21d60134 -- script/detail.js [2ms]
2026-04-13 09:50:28.448 [info] > git config --get commit.template [6ms]
2026-04-13 09:50:28.449 [info] > git for-each-ref --format=%(refname)%00%(upstream:short)%00%(objectname)%00%(upstream:track)%00%(upstream:remotename)%00%(upstream:remoteref) refs/heads/main refs/remotes/main [1ms]
2026-04-13 09:50:28.459 [info] > git status -z -uall [5ms]
2026-04-13 09:50:28.460 [info] > git for-each-ref --sort -committerdate --format %(refname)%00%(objectname)%00%(*objectname) [2ms]
2026-04-13 09:50:33.473 [info] > git config --get commit.template [5ms]
2026-04-13 09:50:33.473 [info] > git for-each-ref --format=%(refname)%00%(upstream:short)%00%(objectname)%00%(upstream:track)%00%(upstream:remotename)%00%(upstream:remoteref) refs/heads/main refs/remotes/main [1ms]
2026-04-13 09:50:33.483 [info] > git status -z -uall [5ms]
2026-04-13 09:50:33.483 [info] > git for-each-ref --sort -committerdate --format %(refname)%00%(objectname)%00%(*objectname) [2ms]
2026-04-13 09:50:38.495 [info] > git config --get commit.template [5ms]
2026-04-13 09:50:38.495 [info] > git for-each-ref --format=%(refname)%00%(upstream:short)%00%(objectname)%00%(upstream:track)%00%(upstream:remotename)%00%(upstream:remoteref) refs/heads/main refs/remotes/main [1ms]
2026-04-13 09:50:38.502 [info] > git status -z -uall [3ms]
2026-04-13 09:50:38.503 [info] > git for-each-ref --sort -committerdate --format %(refname)%00%(objectname)%00%(*objectname) [1ms]
2026-04-13 09:50:49.355 [info] > git config --get commit.template [6ms]
2026-04-13 09:50:49.356 [info] > git for-each-ref --format=%(refname)%00%(upstream:short)%00%(objectname)%00%(upstream:track)%00%(upstream:remotename)%00%(upstream:remoteref) refs/heads/main refs/remotes/main [2ms]
2026-04-13 09:50:49.365 [info] > git status -z -uall [5ms]
2026-04-13 09:50:49.366 [info] > git for-each-ref --sort -committerdate --format %(refname)%00%(objectname)%00%(*objectname) [1ms]
2026-04-13 09:51:32.839 [info] > git config --get commit.template [6ms]
2026-04-13 09:51:32.840 [info] > git for-each-ref --format=%(refname)%00%(upstream:short)%00%(objectname)%00%(upstream:track)%00%(upstream:remotename)%00%(upstream:remoteref) refs/heads/main refs/remotes/main [2ms]
2026-04-13 09:51:32.850 [info] > git status -z -uall [6ms]
2026-04-13 09:51:32.851 [info] > git for-each-ref --sort -committerdate --format %(refname)%00%(objectname)%00%(*objectname) [2ms]
2026-04-13 09:51:45.064 [info] > git config --get commit.template [4ms]
2026-04-13 09:51:45.065 [info] > git for-each-ref --format=%(refname)%00%(upstream:short)%00%(objectname)%00%(upstream:track)%00%(upstream:remotename)%00%(upstream:remoteref) refs/heads/main refs/remotes/main [1ms]
2026-04-13 09:51:45.073 [info] > git status -z -uall [4ms]
2026-04-13 09:51:45.074 [info] > git for-each-ref --sort -committerdate --format %(refname)%00%(objectname)%00%(*objectname) [1ms]
2026-04-13 09:51:55.547 [info] > git config --get commit.template [5ms]
2026-04-13 09:51:55.548 [info] > git for-each-ref --format=%(refname)%00%(upstream:short)%00%(objectname)%00%(upstream:track)%00%(upstream:remotename)%00%(upstream:remoteref) refs/heads/main refs/remotes/main [2ms]
2026-04-13 09:51:55.556 [info] > git status -z -uall [4ms]
2026-04-13 09:51:55.557 [info] > git for-each-ref --sort -committerdate --format %(refname)%00%(objectname)%00%(*objectname) [1ms]
2026-04-13 09:52:23.266 [info] > git config --get commit.template [5ms]
2026-04-13 09:52:23.267 [info] > git for-each-ref --format=%(refname)%00%(upstream:short)%00%(objectname)%00%(upstream:track)%00%(upstream:remotename)%00%(upstream:remoteref) refs/heads/main refs/remotes/main [1ms]
2026-04-13 09:52:23.277 [info] > git status -z -uall [5ms]
2026-04-13 09:52:23.278 [info] > git for-each-ref --sort -committerdate --format %(refname)%00%(objectname)%00%(*objectname) [1ms]
2026-04-13 09:52:51.721 [info] > git config --get commit.template [4ms]
2026-04-13 09:52:51.722 [info] > git for-each-ref --format=%(refname)%00%(upstream:short)%00%(objectname)%00%(upstream:track)%00%(upstream:remotename)%00%(upstream:remoteref) refs/heads/main refs/remotes/main [1ms]
2026-04-13 09:52:51.730 [info] > git status -z -uall [4ms]
2026-04-13 09:52:51.731 [info] > git for-each-ref --sort -committerdate --format %(refname)%00%(objectname)%00%(*objectname) [1ms]
2026-04-13 09:53:00.351 [info] > git config --get commit.template [6ms]
2026-04-13 09:53:00.351 [info] > git for-each-ref --format=%(refname)%00%(upstream:short)%00%(objectname)%00%(upstream:track)%00%(upstream:remotename)%00%(upstream:remoteref) refs/heads/main refs/remotes/main [1ms]
2026-04-13 09:53:00.361 [info] > git status -z -uall [5ms]
2026-04-13 09:53:00.361 [info] > git for-each-ref --sort -committerdate --format %(refname)%00%(objectname)%00%(*objectname) [1ms]
2026-04-13 09:54:06.231 [info] > git config --get commit.template [1ms]
2026-04-13 09:54:06.237 [info] > git for-each-ref --format=%(refname)%00%(upstream:short)%00%(objectname)%00%(upstream:track)%00%(upstream:remotename)%00%(upstream:remoteref) refs/heads/main refs/remotes/main [1ms]
2026-04-13 09:54:06.247 [info] > git status -z -uall [5ms]
2026-04-13 09:54:06.248 [info] > git for-each-ref --sort -committerdate --format %(refname)%00%(objectname)%00%(*objectname) [1ms]
2026-04-13 09:54:25.485 [info] > git config --get commit.template [4ms]
2026-04-13 09:54:25.485 [info] > git for-each-ref --format=%(refname)%00%(upstream:short)%00%(objectname)%00%(upstream:track)%00%(upstream:remotename)%00%(upstream:remoteref) refs/heads/main refs/remotes/main [1ms]
2026-04-13 09:54:25.495 [info] > git status -z -uall [6ms]
2026-04-13 09:54:25.496 [info] > git for-each-ref --sort -committerdate --format %(refname)%00%(objectname)%00%(*objectname) [2ms]
2026-04-13 09:54:35.343 [info] > git config --get commit.template [1ms]
2026-04-13 09:54:35.348 [info] > git for-each-ref --format=%(refname)%00%(upstream:short)%00%(objectname)%00%(upstream:track)%00%(upstream:remotename)%00%(upstream:remoteref) refs/heads/main refs/remotes/main [0ms]
2026-04-13 09:54:35.359 [info] > git status -z -uall [6ms]
2026-04-13 09:54:35.359 [info] > git for-each-ref --sort -committerdate --format %(refname)%00%(objectname)%00%(*objectname) [1ms]
2026-04-13 09:55:29.454 [info] > git config --get commit.template [4ms]
2026-04-13 09:55:29.455 [info] > git for-each-ref --format=%(refname)%00%(upstream:short)%00%(objectname)%00%(upstream:track)%00%(upstream:remotename)%00%(upstream:remoteref) refs/heads/main refs/remotes/main [1ms]
2026-04-13 09:55:29.464 [info] > git status -z -uall [5ms]
2026-04-13 09:55:29.464 [info] > git for-each-ref --sort -committerdate --format %(refname)%00%(objectname)%00%(*objectname) [1ms]
2026-04-13 09:56:07.859 [info] > git config --get commit.template [1ms]
2026-04-13 09:56:07.864 [info] > git for-each-ref --format=%(refname)%00%(upstream:short)%00%(objectname)%00%(upstream:track)%00%(upstream:remotename)%00%(upstream:remoteref) refs/heads/main refs/remotes/main [1ms]
2026-04-13 09:56:07.871 [info] > git status -z -uall [4ms]
2026-04-13 09:56:07.872 [info] > git for-each-ref --sort -committerdate --format %(refname)%00%(objectname)%00%(*objectname) [1ms]
2026-04-13 09:56:12.885 [info] > git config --get commit.template [5ms]
2026-04-13 09:56:12.885 [info] > git for-each-ref --format=%(refname)%00%(upstream:short)%00%(objectname)%00%(upstream:track)%00%(upstream:remotename)%00%(upstream:remoteref) refs/heads/main refs/remotes/main [1ms]
2026-04-13 09:56:12.893 [info] > git status -z -uall [4ms]
2026-04-13 09:56:12.893 [info] > git for-each-ref --sort -committerdate --format %(refname)%00%(objectname)%00%(*objectname) [1ms]
2026-04-13 09:56:17.904 [info] > git config --get commit.template [4ms]
2026-04-13 09:56:17.905 [info] > git for-each-ref --format=%(refname)%00%(upstream:short)%00%(objectname)%00%(upstream:track)%00%(upstream:remotename)%00%(upstream:remoteref) refs/heads/main refs/remotes/main [1ms]
2026-04-13 09:56:17.912 [info] > git status -z -uall [4ms]
2026-04-13 09:56:17.913 [info] > git for-each-ref --sort -committerdate --format %(refname)%00%(objectname)%00%(*objectname) [1ms]
2026-04-13 09:56:22.927 [info] > git config --get commit.template [4ms]
2026-04-13 09:56:22.927 [info] > git for-each-ref --format=%(refname)%00%(upstream:short)%00%(objectname)%00%(upstream:track)%00%(upstream:remotename)%00%(upstream:remoteref) refs/heads/main refs/remotes/main [1ms]
2026-04-13 09:56:22.936 [info] > git status -z -uall [5ms]
2026-04-13 09:56:22.936 [info] > git for-each-ref --sort -committerdate --format %(refname)%00%(objectname)%00%(*objectname) [1ms]
2026-04-13 09:56:38.316 [info] > git config --get commit.template [1ms]
2026-04-13 09:56:38.321 [info] > git for-each-ref --format=%(refname)%00%(upstream:short)%00%(objectname)%00%(upstream:track)%00%(upstream:remotename)%00%(upstream:remoteref) refs/heads/main refs/remotes/main [1ms]
2026-04-13 09:56:38.330 [info] > git status -z -uall [5ms]
2026-04-13 09:56:38.331 [info] > git for-each-ref --sort -committerdate --format %(refname)%00%(objectname)%00%(*objectname) [2ms]
2026-04-13 09:57:06.373 [info] > git config --get commit.template [4ms]
2026-04-13 09:57:06.374 [info] > git for-each-ref --format=%(refname)%00%(upstream:short)%00%(objectname)%00%(upstream:track)%00%(upstream:remotename)%00%(upstream:remoteref) refs/heads/main refs/remotes/main [1ms]
2026-04-13 09:57:06.381 [info] > git status -z -uall [4ms]
2026-04-13 09:57:06.382 [info] > git for-each-ref --sort -committerdate --format %(refname)%00%(objectname)%00%(*objectname) [1ms]
2026-04-13 09:58:19.491 [info] > git config --get commit.template [6ms]
2026-04-13 09:58:19.491 [info] > git for-each-ref --format=%(refname)%00%(upstream:short)%00%(objectname)%00%(upstream:track)%00%(upstream:remotename)%00%(upstream:remoteref) refs/heads/main refs/remotes/main [0ms]
2026-04-13 09:58:19.499 [info] > git status -z -uall [4ms]
2026-04-13 09:58:19.500 [info] > git for-each-ref --sort -committerdate --format %(refname)%00%(objectname)%00%(*objectname) [1ms]
2026-04-13 09:58:37.893 [info] > git config --get commit.template [6ms]
2026-04-13 09:58:37.894 [info] > git for-each-ref --format=%(refname)%00%(upstream:short)%00%(objectname)%00%(upstream:track)%00%(upstream:remotename)%00%(upstream:remoteref) refs/heads/main refs/remotes/main [2ms]
2026-04-13 09:58:37.902 [info] > git status -z -uall [4ms]
2026-04-13 09:58:37.903 [info] > git for-each-ref --sort -committerdate --format %(refname)%00%(objectname)%00%(*objectname) [1ms]
2026-04-13 09:59:09.221 [info] > git config --get commit.template [1ms]
2026-04-13 09:59:09.226 [info] > git for-each-ref --format=%(refname)%00%(upstream:short)%00%(objectname)%00%(upstream:track)%00%(upstream:remotename)%00%(upstream:remoteref) refs/heads/main refs/remotes/main [1ms]
2026-04-13 09:59:09.236 [info] > git status -z -uall [6ms]
2026-04-13 09:59:09.237 [info] > git for-each-ref --sort -committerdate --format %(refname)%00%(objectname)%00%(*objectname) [1ms]
2026-04-13 09:59:38.577 [info] > git config --get commit.template [4ms]
2026-04-13 09:59:38.578 [info] > git for-each-ref --format=%(refname)%00%(upstream:short)%00%(objectname)%00%(upstream:track)%00%(upstream:remotename)%00%(upstream:remoteref) refs/heads/main refs/remotes/main [1ms]
2026-04-13 09:59:38.589 [info] > git status -z -uall [5ms]
2026-04-13 09:59:38.590 [info] > git for-each-ref --sort -committerdate --format %(refname)%00%(objectname)%00%(*objectname) [2ms]
2026-04-13 10:00:23.288 [info] > git config --get commit.template [1ms]
2026-04-13 10:00:23.293 [info] > git for-each-ref --format=%(refname)%00%(upstream:short)%00%(objectname)%00%(upstream:track)%00%(upstream:remotename)%00%(upstream:remoteref) refs/heads/main refs/remotes/main [1ms]
2026-04-13 10:00:23.301 [info] > git status -z -uall [4ms]
2026-04-13 10:00:23.302 [info] > git for-each-ref --sort -committerdate --format %(refname)%00%(objectname)%00%(*objectname) [1ms]
2026-04-13 10:00:31.182 [info] > git config --get commit.template [1ms]
2026-04-13 10:00:31.188 [info] > git for-each-ref --format=%(refname)%00%(upstream:short)%00%(objectname)%00%(upstream:track)%00%(upstream:remotename)%00%(upstream:remoteref) refs/heads/main refs/remotes/main [2ms]
2026-04-13 10:00:31.197 [info] > git status -z -uall [5ms]
2026-04-13 10:00:31.198 [info] > git for-each-ref --sort -committerdate --format %(refname)%00%(objectname)%00%(*objectname) [1ms]
2026-04-13 10:00:45.957 [info] > git config --get commit.template [5ms]
2026-04-13 10:00:45.958 [info] > git for-each-ref --format=%(refname)%00%(upstream:short)%00%(objectname)%00%(upstream:track)%00%(upstream:remotename)%00%(upstream:remoteref) refs/heads/main refs/remotes/main [1ms]
2026-04-13 10:00:45.966 [info] > git status -z -uall [5ms]
2026-04-13 10:00:45.967 [info] > git for-each-ref --sort -committerdate --format %(refname)%00%(objectname)%00%(*objectname) [1ms]
2026-04-13 10:00:57.268 [info] > git config --get commit.template [1ms]
2026-04-13 10:00:57.272 [info] > git for-each-ref --format=%(refname)%00%(upstream:short)%00%(objectname)%00%(upstream:track)%00%(upstream:remotename)%00%(upstream:remoteref) refs/heads/main refs/remotes/main [1ms]
2026-04-13 10:00:57.281 [info] > git status -z -uall [5ms]
2026-04-13 10:00:57.281 [info] > git for-each-ref --sort -committerdate --format %(refname)%00%(objectname)%00%(*objectname) [1ms]
2026-04-13 10:01:12.690 [info] > git config --get commit.template [1ms]
2026-04-13 10:01:12.696 [info] > git for-each-ref --format=%(refname)%00%(upstream:short)%00%(objectname)%00%(upstream:track)%00%(upstream:remotename)%00%(upstream:remoteref) refs/heads/main refs/remotes/main [2ms]
2026-04-13 10:01:12.703 [info] > git status -z -uall [3ms]
2026-04-13 10:01:12.704 [info] > git for-each-ref --sort -committerdate --format %(refname)%00%(objectname)%00%(*objectname) [1ms]
2026-04-13 10:02:03.330 [info] > git config --get commit.template [5ms]
2026-04-13 10:02:03.330 [info] > git for-each-ref --format=%(refname)%00%(upstream:short)%00%(objectname)%00%(upstream:track)%00%(upstream:remotename)%00%(upstream:remoteref) refs/heads/main refs/remotes/main [1ms]
2026-04-13 10:02:03.340 [info] > git status -z -uall [5ms]
2026-04-13 10:02:03.341 [info] > git for-each-ref --sort -committerdate --format %(refname)%00%(objectname)%00%(*objectname) [1ms]
2026-04-13 10:02:15.694 [info] > git config --get commit.template [5ms]
2026-04-13 10:02:15.695 [info] > git for-each-ref --format=%(refname)%00%(upstream:short)%00%(objectname)%00%(upstream:track)%00%(upstream:remotename)%00%(upstream:remoteref) refs/heads/main refs/remotes/main [1ms]
2026-04-13 10:02:15.703 [info] > git status -z -uall [4ms]
2026-04-13 10:02:15.704 [info] > git for-each-ref --sort -committerdate --format %(refname)%00%(objectname)%00%(*objectname) [1ms]
2026-04-13 10:02:43.339 [info] > git config --get commit.template [4ms]
2026-04-13 10:02:43.341 [info] > git for-each-ref --format=%(refname)%00%(upstream:short)%00%(objectname)%00%(upstream:track)%00%(upstream:remotename)%00%(upstream:remoteref) refs/heads/main refs/remotes/main [2ms]
2026-04-13 10:02:43.351 [info] > git status -z -uall [5ms]
2026-04-13 10:02:43.352 [info] > git for-each-ref --sort -committerdate --format %(refname)%00%(objectname)%00%(*objectname) [2ms]
2026-04-13 10:03:04.489 [info] > git config --get commit.template [1ms]
2026-04-13 10:03:04.494 [info] > git for-each-ref --format=%(refname)%00%(upstream:short)%00%(objectname)%00%(upstream:track)%00%(upstream:remotename)%00%(upstream:remoteref) refs/heads/main refs/remotes/main [2ms]
2026-04-13 10:03:04.501 [info] > git status -z -uall [4ms]
2026-04-13 10:03:04.502 [info] > git for-each-ref --sort -committerdate --format %(refname)%00%(objectname)%00%(*objectname) [1ms]
2026-04-13 10:03:09.512 [info] > git config --get commit.template [3ms]
2026-04-13 10:03:09.513 [info] > git for-each-ref --format=%(refname)%00%(upstream:short)%00%(objectname)%00%(upstream:track)%00%(upstream:remotename)%00%(upstream:remoteref) refs/heads/main refs/remotes/main [1ms]
2026-04-13 10:03:09.522 [info] > git status -z -uall [6ms]
2026-04-13 10:03:09.522 [info] > git for-each-ref --sort -committerdate --format %(refname)%00%(objectname)%00%(*objectname) [1ms]
2026-04-13 10:03:51.601 [info] > git config --get commit.template [4ms]
2026-04-13 10:03:51.602 [info] > git for-each-ref --format=%(refname)%00%(upstream:short)%00%(objectname)%00%(upstream:track)%00%(upstream:remotename)%00%(upstream:remoteref) refs/heads/main refs/remotes/main [2ms]
2026-04-13 10:03:51.611 [info] > git status -z -uall [5ms]
2026-04-13 10:03:51.612 [info] > git for-each-ref --sort -committerdate --format %(refname)%00%(objectname)%00%(*objectname) [1ms]
2026-04-13 10:04:13.940 [info] > git config --get commit.template [5ms]
2026-04-13 10:04:13.941 [info] > git for-each-ref --format=%(refname)%00%(upstream:short)%00%(objectname)%00%(upstream:track)%00%(upstream:remotename)%00%(upstream:remoteref) refs/heads/main refs/remotes/main [1ms]
2026-04-13 10:04:13.950 [info] > git status -z -uall [5ms]
2026-04-13 10:04:13.950 [info] > git for-each-ref --sort -committerdate --format %(refname)%00%(objectname)%00%(*objectname) [1ms]
2026-04-13 10:04:31.593 [info] > git config --get commit.template [1ms]
2026-04-13 10:04:31.598 [info] > git for-each-ref --format=%(refname)%00%(upstream:short)%00%(objectname)%00%(upstream:track)%00%(upstream:remotename)%00%(upstream:remoteref) refs/heads/main refs/remotes/main [1ms]
2026-04-13 10:04:31.606 [info] > git status -z -uall [5ms]
2026-04-13 10:04:31.607 [info] > git for-each-ref --sort -committerdate --format %(refname)%00%(objectname)%00%(*objectname) [1ms]
2026-04-13 10:05:22.301 [info] > git config --get commit.template [4ms]
2026-04-13 10:05:22.302 [info] > git for-each-ref --format=%(refname)%00%(upstream:short)%00%(objectname)%00%(upstream:track)%00%(upstream:remotename)%00%(upstream:remoteref) refs/heads/main refs/remotes/main [1ms]
2026-04-13 10:05:22.309 [info] > git status -z -uall [3ms]
2026-04-13 10:05:22.310 [info] > git for-each-ref --sort -committerdate --format %(refname)%00%(objectname)%00%(*objectname) [1ms]
2026-04-13 10:08:27.488 [info] > git config --get commit.template [4ms]
2026-04-13 10:08:27.489 [info] > git for-each-ref --format=%(refname)%00%(upstream:short)%00%(objectname)%00%(upstream:track)%00%(upstream:remotename)%00%(upstream:remoteref) refs/heads/main refs/remotes/main [1ms]
2026-04-13 10:08:27.497 [info] > git status -z -uall [4ms]
2026-04-13 10:08:27.497 [info] > git for-each-ref --sort -committerdate --format %(refname)%00%(objectname)%00%(*objectname) [1ms]
2026-04-13 10:08:37.306 [info] > git config --get commit.template [3ms]
2026-04-13 10:08:37.306 [info] > git for-each-ref --format=%(refname)%00%(upstream:short)%00%(objectname)%00%(upstream:track)%00%(upstream:remotename)%00%(upstream:remoteref) refs/heads/main refs/remotes/main [1ms]
2026-04-13 10:08:37.314 [info] > git status -z -uall [5ms]
2026-04-13 10:08:37.315 [info] > git for-each-ref --sort -committerdate --format %(refname)%00%(objectname)%00%(*objectname) [2ms]
2026-04-13 10:08:49.388 [info] > git config --get commit.template [1ms]
2026-04-13 10:08:49.393 [info] > git for-each-ref --format=%(refname)%00%(upstream:short)%00%(objectname)%00%(upstream:track)%00%(upstream:remotename)%00%(upstream:remoteref) refs/heads/main refs/remotes/main [0ms]
2026-04-13 10:08:49.401 [info] > git status -z -uall [4ms]
2026-04-13 10:08:49.402 [info] > git for-each-ref --sort -committerdate --format %(refname)%00%(objectname)%00%(*objectname) [1ms]
2026-04-13 10:09:06.160 [info] > git config --get commit.template [4ms]
2026-04-13 10:09:06.161 [info] > git for-each-ref --format=%(refname)%00%(upstream:short)%00%(objectname)%00%(upstream:track)%00%(upstream:remotename)%00%(upstream:remoteref) refs/heads/main refs/remotes/main [1ms]
2026-04-13 10:09:06.170 [info] > git status -z -uall [5ms]
2026-04-13 10:09:06.170 [info] > git for-each-ref --sort -committerdate --format %(refname)%00%(objectname)%00%(*objectname) [1ms]
2026-04-13 10:09:18.809 [info] > git config --get commit.template [5ms]
2026-04-13 10:09:18.810 [info] > git for-each-ref --format=%(refname)%00%(upstream:short)%00%(objectname)%00%(upstream:track)%00%(upstream:remotename)%00%(upstream:remoteref) refs/heads/main refs/remotes/main [1ms]
2026-04-13 10:09:18.818 [info] > git status -z -uall [4ms]
2026-04-13 10:09:18.819 [info] > git for-each-ref --sort -committerdate --format %(refname)%00%(objectname)%00%(*objectname) [1ms]
2026-04-13 10:09:31.672 [info] > git config --get commit.template [6ms]
2026-04-13 10:09:31.673 [info] > git for-each-ref --format=%(refname)%00%(upstream:short)%00%(objectname)%00%(upstream:track)%00%(upstream:remotename)%00%(upstream:remoteref) refs/heads/main refs/remotes/main [1ms]
2026-04-13 10:09:31.682 [info] > git status -z -uall [6ms]
2026-04-13 10:09:31.682 [info] > git for-each-ref --sort -committerdate --format %(refname)%00%(objectname)%00%(*objectname) [1ms]
2026-04-13 10:09:45.080 [info] > git config --get commit.template [4ms]
2026-04-13 10:09:45.081 [info] > git for-each-ref --format=%(refname)%00%(upstream:short)%00%(objectname)%00%(upstream:track)%00%(upstream:remotename)%00%(upstream:remoteref) refs/heads/main refs/remotes/main [1ms]
2026-04-13 10:09:45.090 [info] > git status -z -uall [5ms]
2026-04-13 10:09:45.091 [info] > git for-each-ref --sort -committerdate --format %(refname)%00%(objectname)%00%(*objectname) [1ms]
2026-04-13 10:09:54.568 [info] > git config --get commit.template [6ms]
2026-04-13 10:09:54.568 [info] > git for-each-ref --format=%(refname)%00%(upstream:short)%00%(objectname)%00%(upstream:track)%00%(upstream:remotename)%00%(upstream:remoteref) refs/heads/main refs/remotes/main [1ms]
2026-04-13 10:09:54.575 [info] > git status -z -uall [4ms]
2026-04-13 10:09:54.576 [info] > git for-each-ref --sort -committerdate --format %(refname)%00%(objectname)%00%(*objectname) [2ms]
2026-04-13 10:09:59.592 [info] > git config --get commit.template [7ms]
2026-04-13 10:09:59.593 [info] > git for-each-ref --format=%(refname)%00%(upstream:short)%00%(objectname)%00%(upstream:track)%00%(upstream:remotename)%00%(upstream:remoteref) refs/heads/main refs/remotes/main [1ms]
2026-04-13 10:09:59.601 [info] > git status -z -uall [5ms]
2026-04-13 10:09:59.602 [info] > git for-each-ref --sort -committerdate --format %(refname)%00%(objectname)%00%(*objectname) [1ms]
2026-04-13 10:10:04.936 [info] > git config --get commit.template [6ms]
2026-04-13 10:10:04.937 [info] > git for-each-ref --format=%(refname)%00%(upstream:short)%00%(objectname)%00%(upstream:track)%00%(upstream:remotename)%00%(upstream:remoteref) refs/heads/main refs/remotes/main [2ms]
2026-04-13 10:10:04.944 [info] > git status -z -uall [4ms]
2026-04-13 10:10:04.945 [info] > git for-each-ref --sort -committerdate --format %(refname)%00%(objectname)%00%(*objectname) [1ms]
2026-04-13 10:10:09.999 [info] > git config --get commit.template [2ms]
2026-04-13 10:10:10.005 [info] > git for-each-ref --format=%(refname)%00%(upstream:short)%00%(objectname)%00%(upstream:track)%00%(upstream:remotename)%00%(upstream:remoteref) refs/heads/main refs/remotes/main [2ms]
2026-04-13 10:10:10.015 [info] > git status -z -uall [6ms]
2026-04-13 10:10:10.016 [info] > git for-each-ref --sort -committerdate --format %(refname)%00%(objectname)%00%(*objectname) [2ms]
2026-04-13 10:27:52.125 [info] > git show --textconv :detail.html [14ms]
2026-04-13 10:27:52.126 [info] > git ls-files --stage -- detail.html [3ms]
2026-04-13 10:27:52.136 [info] > git cat-file -s c0751d82a5d6e8bbc6980e6701f2ca54a5024c18 [2ms]
2026-04-13 10:27:52.707 [info] > git show --textconv :index.html [6ms]
2026-04-13 10:27:52.708 [info] > git ls-files --stage -- index.html [1ms]
2026-04-13 10:27:52.714 [info] > git cat-file -s c0b324dd9d334fa30bfac39c1cc351350a8cd4b9 [2ms]
2026-04-13 10:27:59.139 [info] > git blame --root --incremental 4b5a159c2192b19d48378ed9084bd31d21d60134 -- index.html [2ms]
2026-04-13 10:28:03.059 [info] > git show --textconv :script/script.js [5ms]
2026-04-13 10:28:03.060 [info] > git ls-files --stage -- script/script.js [1ms]
2026-04-13 10:28:03.066 [info] > git cat-file -s cee1483d8d845f889edf16acd0e2e7aa7cf1dc00 [2ms]
2026-04-13 10:28:22.191 [info] > git blame --root --incremental 4b5a159c2192b19d48378ed9084bd31d21d60134 -- script/script.js [2ms]
2026-04-13 10:31:47.111 [info] > git show --textconv :script/detail.js [8ms]
2026-04-13 10:31:47.112 [info] > git ls-files --stage -- script/detail.js [1ms]
2026-04-13 10:31:47.118 [info] > git cat-file -s 38ead4850e96fb7bb0875cfddf8305d2e7c42ce8 [1ms]
2026-04-13 10:35:34.618 [info] > git show --textconv :script/script.js [11ms]
2026-04-13 10:35:34.619 [info] > git ls-files --stage -- script/script.js [2ms]
2026-04-13 10:35:34.631 [info] > git cat-file -s cee1483d8d845f889edf16acd0e2e7aa7cf1dc00 [2ms]
2026-04-13 10:35:46.333 [info] > git config --get commit.template [6ms]
2026-04-13 10:35:46.333 [info] > git for-each-ref --format=%(refname)%00%(upstream:short)%00%(objectname)%00%(upstream:track)%00%(upstream:remotename)%00%(upstream:remoteref) refs/heads/main refs/remotes/main [1ms]
2026-04-13 10:35:46.343 [info] > git status -z -uall [5ms]
2026-04-13 10:35:46.344 [info] > git for-each-ref --sort -committerdate --format %(refname)%00%(objectname)%00%(*objectname) [1ms]
2026-04-13 10:37:58.323 [info] > git config --get commit.template [5ms]
2026-04-13 10:37:58.324 [info] > git for-each-ref --format=%(refname)%00%(upstream:short)%00%(objectname)%00%(upstream:track)%00%(upstream:remotename)%00%(upstream:remoteref) refs/heads/main refs/remotes/main [1ms]
2026-04-13 10:37:58.334 [info] > git status -z -uall [6ms]
2026-04-13 10:37:58.335 [info] > git for-each-ref --sort -committerdate --format %(refname)%00%(objectname)%00%(*objectname) [1ms]
