2026-03-17 12:58:08.661 [info] [main] Log level: Info
2026-03-17 12:58:08.661 [info] [main] Validating found git in: "git"
2026-03-17 12:58:08.661 [info] [main] Using git "2.51.2" from "git"
2026-03-17 12:58:08.661 [info] [Model][doInitialScan] Initial repository scan started
2026-03-17 12:58:08.661 [info] > git rev-parse --show-toplevel [8ms]
2026-03-17 12:58:08.661 [info] > git rev-parse --show-toplevel [5ms]
2026-03-17 12:58:08.661 [info] > git rev-parse --show-toplevel [2ms]
2026-03-17 12:58:08.661 [info] [Model][doInitialScan] Initial repository scan completed - repositories (0), closed repositories (0), parent repositories (1), unsafe repositories (0)
2026-03-17 12:58:08.696 [info] > git rev-parse --show-toplevel [5ms]
2026-03-17 12:58:08.737 [info] > git rev-parse --show-toplevel [1ms]
2026-03-17 12:58:10.302 [info] > git rev-parse --show-toplevel [2ms]
2026-03-17 12:58:13.161 [info] > git rev-parse --show-toplevel [2ms]
2026-03-17 12:58:50.669 [info] > git rev-parse --show-toplevel [5ms]
2026-03-17 12:58:51.019 [info] > git rev-parse --show-toplevel [1ms]
2026-03-17 12:58:51.847 [info] > git rev-parse --show-toplevel [1ms]
2026-03-17 13:00:32.957 [info] > git rev-parse --show-toplevel [1ms]
2026-03-17 13:00:41.840 [info] > git rev-parse --show-toplevel [1ms]
2026-03-17 13:00:44.082 [info] > git rev-parse --show-toplevel [2ms]
2026-03-17 13:01:30.621 [info] > git rev-parse --show-toplevel [1ms]
2026-03-17 13:01:39.830 [info] > git rev-parse --show-toplevel [1ms]
2026-03-17 13:01:52.635 [info] > git rev-parse --show-toplevel [1ms]
2026-03-17 13:01:56.562 [info] > git rev-parse --show-toplevel [1ms]
2026-03-17 13:01:59.141 [info] > git rev-parse --show-toplevel [2ms]
2026-03-17 13:01:59.582 [info] > git rev-parse --show-toplevel [1ms]
2026-03-17 13:02:23.969 [info] > git rev-parse --show-toplevel [1ms]
2026-03-17 13:02:24.909 [info] > git rev-parse --show-toplevel [1ms]
2026-03-17 13:03:25.150 [info] > git rev-parse --show-toplevel [1ms]
2026-03-17 13:03:26.022 [info] > git rev-parse --show-toplevel [1ms]
2026-03-17 13:03:36.802 [info] > git rev-parse --show-toplevel [2ms]
2026-03-17 13:03:41.492 [info] > git rev-parse --show-toplevel [1ms]
2026-03-17 13:03:44.055 [info] > git rev-parse --show-toplevel [2ms]
