2026-05-08 13:30:00.346 [info] Reading sessions from keychain...
2026-05-08 13:30:00.346 [info] Getting sessions for all scopes...
2026-05-08 13:30:00.346 [info] Got 0 sessions for ...
2026-05-08 13:30:00.346 [info] Getting sessions for all scopes...
2026-05-08 13:30:00.346 [info] Got 0 sessions for ...
2026-05-08 13:30:00.346 [info] Getting sessions for all scopes...
2026-05-08 13:30:00.346 [info] Got 0 sessions for ...
2026-05-08 13:30:00.383 [info] Getting sessions for all scopes...
2026-05-08 13:30:00.383 [info] Got 0 sessions for ...
2026-05-08 13:30:00.384 [info] Getting sessions for all scopes...
2026-05-08 13:30:00.384 [info] Got 0 sessions for ...
2026-05-08 13:30:00.384 [info] Getting sessions for all scopes...
2026-05-08 13:30:00.384 [info] Got 0 sessions for ...
2026-05-08 13:30:00.384 [info] Getting sessions for all scopes...
2026-05-08 13:30:00.384 [info] Got 0 sessions for ...
2026-05-08 13:30:00.384 [info] Getting sessions for all scopes...
2026-05-08 13:30:00.384 [info] Got 0 sessions for ...
2026-05-08 13:30:00.388 [info] Getting sessions for all scopes...
2026-05-08 13:30:00.388 [info] Got 0 sessions for ...
2026-05-08 13:30:00.390 [info] Getting sessions for all scopes...
2026-05-08 13:30:00.390 [info] Got 0 sessions for ...
2026-05-08 13:30:00.390 [info] Getting sessions for all scopes...
2026-05-08 13:30:00.390 [info] Got 0 sessions for ...
2026-05-08 13:30:00.390 [info] Getting sessions for all scopes...
2026-05-08 13:30:00.390 [info] Got 0 sessions for ...
2026-05-08 13:30:00.390 [info] Getting sessions for all scopes...
2026-05-08 13:30:00.390 [info] Got 0 sessions for ...
2026-05-08 13:30:00.390 [info] Getting sessions for all scopes...
2026-05-08 13:30:00.390 [info] Got 0 sessions for ...
2026-05-08 13:30:00.429 [info] Getting sessions for all scopes...
2026-05-08 13:30:00.429 [info] Got 0 sessions for ...
2026-05-08 13:30:01.975 [info] Getting sessions for read:user,repo,user:email,workflow...
2026-05-08 13:30:01.975 [info] Got 0 sessions for read:user,repo,user:email,workflow...
2026-05-08 13:30:02.332 [info] Getting sessions for all scopes...
2026-05-08 13:30:02.332 [info] Got 0 sessions for ...
2026-05-08 13:30:24.058 [info] Logging in with 'any' account...
2026-05-08 13:30:24.058 [info] Logging in for the following scopes: user:email
2026-05-08 13:30:24.114 [info] Trying with local server... (user:email)
2026-05-08 13:30:38.967 [info] Exchanging code for token...
2026-05-08 13:30:39.389 [info] Token exchange success!
2026-05-08 13:30:39.389 [info] Getting user info...
2026-05-08 13:30:39.760 [info] Got account info!
2026-05-08 13:30:39.761 [info] Storing 1 sessions...
2026-05-08 13:30:40.219 [info] FetcherService: Electron fetch failed with status: 429 
2026-05-08 13:30:40.544 [info] FetcherService: Node fetch failed with status: 429 Too Many Requests
2026-05-08 13:30:40.878 [info] FetcherService: Node http/s failed with status: 429 Too Many Requests
2026-05-08 13:30:43.976 [info] Reading sessions from keychain...
2026-05-08 13:30:43.976 [info] Stored 1 sessions!
2026-05-08 13:30:43.976 [info] Login success!
2026-05-08 13:30:43.976 [info] Getting sessions for all scopes...
2026-05-08 13:30:43.977 [info] Got stored sessions!
2026-05-08 13:30:43.977 [info] Got 1 verified sessions.
2026-05-08 13:30:43.977 [info] Got 1 sessions for ...
2026-05-08 13:30:43.977 [info] Getting sessions for all scopes...
2026-05-08 13:30:43.977 [info] Got 1 sessions for ...
2026-05-08 13:30:43.977 [info] Getting sessions for all scopes...
2026-05-08 13:30:43.978 [info] Got 1 sessions for ...
2026-05-08 13:30:43.978 [info] Getting sessions for read:user,repo,user:email,workflow...
2026-05-08 13:30:43.978 [info] Got 0 sessions for read:user,repo,user:email,workflow...
2026-05-08 13:30:50.368 [info] Getting sessions for all scopes...
2026-05-08 13:30:50.368 [info] Got 1 sessions for ...
2026-05-08 13:30:50.368 [info] Getting sessions for all scopes...
2026-05-08 13:30:50.368 [info] Got 1 sessions for ...
2026-05-08 13:30:50.557 [info] Getting sessions for read:user,repo,user:email,workflow...
2026-05-08 13:30:50.557 [info] Got 0 sessions for read:user,repo,user:email,workflow...
2026-05-08 13:30:50.713 [info] Getting sessions for all scopes...
2026-05-08 13:30:50.713 [info] Got 1 sessions for ...
2026-05-08 13:30:50.715 [info] Getting sessions for all scopes...
2026-05-08 13:30:50.715 [info] Got 1 sessions for ...
2026-05-08 13:30:50.715 [info] Getting sessions for read:user,repo,user:email,workflow...
2026-05-08 13:30:50.715 [info] Got 0 sessions for read:user,repo,user:email,workflow...
2026-05-08 13:30:50.715 [info] Getting sessions for user:email...
2026-05-08 13:30:50.715 [info] Got 1 sessions for user:email...
2026-05-08 13:30:50.715 [info] Getting sessions for read:user,repo,user:email,workflow...
2026-05-08 13:30:50.715 [info] Got 0 sessions for read:user,repo,user:email,workflow...
2026-05-08 13:30:50.718 [info] Getting sessions for read:user...
2026-05-08 13:30:50.718 [info] Got 0 sessions for read:user...
2026-05-08 13:30:50.718 [info] Getting sessions for user:email...
2026-05-08 13:30:50.718 [info] Got 1 sessions for user:email...
2026-05-08 13:30:50.722 [info] Getting sessions for all scopes...
2026-05-08 13:30:50.722 [info] Got 1 sessions for ...
2026-05-08 13:30:50.724 [info] Getting sessions for read:user,repo,user:email,workflow...
2026-05-08 13:30:50.724 [info] Got 0 sessions for read:user,repo,user:email,workflow...
2026-05-08 13:30:50.793 [info] Getting sessions for user:email...
2026-05-08 13:30:50.793 [info] Got 1 sessions for user:email...
2026-05-08 13:30:50.830 [info] Getting sessions for all scopes...
2026-05-08 13:30:50.830 [info] Got 1 sessions for ...
2026-05-08 13:30:50.830 [info] Getting sessions for all scopes...
2026-05-08 13:30:50.830 [info] Got 1 sessions for ...
2026-05-08 13:30:51.039 [info] Getting sessions for read:user,repo,user:email,workflow...
2026-05-08 13:30:51.039 [info] Got 0 sessions for read:user,repo,user:email,workflow...
2026-05-08 13:30:51.041 [info] Getting sessions for user:email...
2026-05-08 13:30:51.041 [info] Got 1 sessions for user:email...
2026-05-08 13:30:51.041 [info] Getting sessions for read:user,repo,user:email,workflow...
2026-05-08 13:30:51.041 [info] Got 0 sessions for read:user,repo,user:email,workflow...
2026-05-08 13:30:51.144 [info] Getting sessions for all scopes...
2026-05-08 13:30:51.145 [info] Got 1 sessions for ...
2026-05-08 13:30:51.145 [info] Getting sessions for all scopes...
2026-05-08 13:30:51.145 [info] Got 1 sessions for ...
2026-05-08 13:30:51.159 [info] Getting sessions for read:user,repo,user:email,workflow...
2026-05-08 13:30:51.159 [info] Got 0 sessions for read:user,repo,user:email,workflow...
2026-05-08 13:30:51.160 [info] Getting sessions for user:email...
2026-05-08 13:30:51.160 [info] Got 1 sessions for user:email...
2026-05-08 13:30:51.160 [info] Getting sessions for read:user,repo,user:email,workflow...
2026-05-08 13:30:51.160 [info] Got 0 sessions for read:user,repo,user:email,workflow...
2026-05-08 13:30:51.213 [info] Getting sessions for all scopes...
2026-05-08 13:30:51.213 [info] Got 1 sessions for ...
2026-05-08 13:30:51.214 [info] Getting sessions for all scopes...
2026-05-08 13:30:51.214 [info] Got 1 sessions for ...
2026-05-08 13:30:51.214 [info] Getting sessions for all scopes...
2026-05-08 13:30:51.214 [info] Got 1 sessions for ...
2026-05-08 13:30:51.214 [info] Getting sessions for all scopes...
2026-05-08 13:30:51.214 [info] Got 1 sessions for ...
2026-05-08 13:30:51.218 [info] Getting sessions for read:user,repo,user:email,workflow...
2026-05-08 13:30:51.218 [info] Got 0 sessions for read:user,repo,user:email,workflow...
2026-05-08 13:30:51.218 [info] Getting sessions for user:email...
2026-05-08 13:30:51.218 [info] Got 1 sessions for user:email...
2026-05-08 13:30:51.219 [info] Getting sessions for read:user,repo,user:email,workflow...
2026-05-08 13:30:51.219 [info] Got 0 sessions for read:user,repo,user:email,workflow...
2026-05-08 13:30:51.220 [info] Getting sessions for all scopes...
2026-05-08 13:30:51.220 [info] Got 1 sessions for ...
2026-05-08 13:30:51.220 [info] Getting sessions for read:user,repo,user:email,workflow...
2026-05-08 13:30:51.220 [info] Got 0 sessions for read:user,repo,user:email,workflow...
2026-05-08 13:30:51.225 [info] Getting sessions for user:email...
2026-05-08 13:30:51.225 [info] Got 1 sessions for user:email...
