2026-05-08 13:30:01.902 [info] [main] Log level: Info
2026-05-08 13:30:01.902 [info] [main] Validating found git in: "git"
2026-05-08 13:30:01.902 [info] [main] Using git "2.51.2" from "git"
2026-05-08 13:30:01.902 [info] [Model][doInitialScan] Initial repository scan started
2026-05-08 13:30:01.902 [info] > git rev-parse --show-toplevel [3ms]
2026-05-08 13:30:01.904 [info] > git rev-parse --git-dir --git-common-dir --show-superproject-working-tree [2ms]
2026-05-08 13:30:01.911 [info] [Model][openRepository] Opened repository (path): /home/martijn/school/periode8/workshop/devops
2026-05-08 13:30:01.911 [info] [Model][openRepository] Opened repository (real path): /home/martijn/school/periode8/workshop/devops
2026-05-08 13:30:01.911 [info] [Model][openRepository] Opened repository (kind): repository
2026-05-08 13:30:01.921 [info] > git rev-parse --show-toplevel [2ms]
2026-05-08 13:30:01.921 [info] > git config --get commit.template [6ms]
2026-05-08 13:30:01.932 [info] > git rev-parse --show-toplevel [6ms]
2026-05-08 13:30:01.932 [info] > git for-each-ref --format=%(refname)%00%(upstream:short)%00%(objectname)%00%(upstream:track)%00%(upstream:remotename)%00%(upstream:remoteref) refs/heads/main refs/remotes/main [1ms]
2026-05-08 13:30:01.938 [warning] [Git][revParse] Unable to read file: ENOENT: no such file or directory, open '/home/martijn/school/periode8/workshop/devops/.git/refs/remotes/origin/main'
2026-05-08 13:30:01.938 [info] > git rev-parse --show-toplevel [3ms]
2026-05-08 13:30:01.940 [info] [Model][doInitialScan] Initial repository scan completed - repositories (1), closed repositories (0), parent repositories (0), unsafe repositories (0)
2026-05-08 13:30:01.941 [info] > git rev-parse refs/remotes/origin/main [3ms]
2026-05-08 13:30:01.949 [info] > git status -z -uall [5ms]
2026-05-08 13:30:01.950 [info] > git for-each-ref --sort -committerdate --format %(refname)%00%(objectname)%00%(*objectname) [2ms]
2026-05-08 13:30:01.968 [info] > git for-each-ref --format=%(refname)%00%(upstream:short)%00%(objectname)%00%(upstream:track)%00%(upstream:remotename)%00%(upstream:remoteref) refs/heads/main refs/remotes/main [6ms]
2026-05-08 13:30:01.972 [info] > git config --get --local branch.main.vscode-merge-base [1ms]
2026-05-08 13:30:01.972 [warning] [Git][config] git config failed: Failed to execute git
2026-05-08 13:30:01.975 [info] > git config --get commit.template [7ms]
2026-05-08 13:30:01.979 [info] > git reflog main --grep-reflog=branch: Created from *. [4ms]
2026-05-08 13:30:01.983 [info] > git for-each-ref --format=%(refname)%00%(upstream:short)%00%(objectname)%00%(upstream:track)%00%(upstream:remotename)%00%(upstream:remoteref) refs/heads/main refs/remotes/main [4ms]
2026-05-08 13:30:01.986 [warning] [Git][revParse] Unable to read file: ENOENT: no such file or directory, open '/home/martijn/school/periode8/workshop/devops/.git/refs/remotes/origin/main'
2026-05-08 13:30:01.986 [info] > git symbolic-ref --short refs/remotes/origin/HEAD [4ms]
2026-05-08 13:30:01.990 [info] > git rev-parse refs/remotes/origin/main [4ms]
2026-05-08 13:30:01.997 [info] > git status -z -uall [4ms]
2026-05-08 13:30:01.997 [info] > git for-each-ref --format=%(refname)%00%(upstream:short)%00%(objectname)%00%(upstream:track)%00%(upstream:remotename)%00%(upstream:remoteref) refs/heads/origin/main refs/remotes/origin/main [8ms]
2026-05-08 13:30:02.001 [info] > git for-each-ref --sort -committerdate --format %(refname)%00%(objectname)%00%(*objectname) [5ms]
2026-05-08 13:30:02.003 [info] > git config --add --local branch.main.vscode-merge-base origin/main [3ms]
2026-05-08 13:30:02.009 [info] > git config --get commit.template [2ms]
2026-05-08 13:30:02.015 [info] > git for-each-ref --format=%(refname)%00%(upstream:short)%00%(objectname)%00%(upstream:track)%00%(upstream:remotename)%00%(upstream:remoteref) refs/heads/main refs/remotes/main [1ms]
2026-05-08 13:30:02.019 [warning] [Git][revParse] Unable to read file: ENOENT: no such file or directory, open '/home/martijn/school/periode8/workshop/devops/.git/refs/remotes/origin/main'
2026-05-08 13:30:02.020 [info] > git rev-parse refs/remotes/origin/main [1ms]
2026-05-08 13:30:02.027 [info] > git status -z -uall [4ms]
2026-05-08 13:30:02.028 [info] > git for-each-ref --sort -committerdate --format %(refname)%00%(objectname)%00%(*objectname) [1ms]
2026-05-08 13:30:02.037 [info] > git merge-base refs/heads/main refs/remotes/origin/main [4ms]
2026-05-08 13:30:02.041 [info] > git merge-base refs/heads/main refs/remotes/origin/main [4ms]
2026-05-08 13:30:02.045 [info] > git diff --name-status -z --diff-filter=ADMR --find-renames=50% 4b3358099cfc422b91d00b37a8f50b631920be8f...refs/remotes/origin/main -- [5ms]
2026-05-08 13:30:02.045 [info] > git diff --name-status -z --diff-filter=ADMR --find-renames=50% 4b3358099cfc422b91d00b37a8f50b631920be8f...refs/remotes/origin/main -- [1ms]
2026-05-08 13:30:02.428 [info] > git check-ignore -v -z --stdin [1ms]
2026-05-08 13:30:03.086 [info] > git config --get commit.template [1ms]
2026-05-08 13:30:03.091 [info] > git for-each-ref --format=%(refname)%00%(upstream:short)%00%(objectname)%00%(upstream:track)%00%(upstream:remotename)%00%(upstream:remoteref) refs/heads/main refs/remotes/main [1ms]
2026-05-08 13:30:03.095 [warning] [Git][revParse] Unable to read file: ENOENT: no such file or directory, open '/home/martijn/school/periode8/workshop/devops/.git/refs/remotes/origin/main'
2026-05-08 13:30:03.096 [info] > git rev-parse refs/remotes/origin/main [1ms]
2026-05-08 13:30:03.103 [info] > git status -z -uall [4ms]
2026-05-08 13:30:03.104 [info] > git for-each-ref --sort -committerdate --format %(refname)%00%(objectname)%00%(*objectname) [1ms]
2026-05-08 13:31:56.741 [info] > git config --get commit.template [9ms]
2026-05-08 13:31:56.741 [info] > git for-each-ref --format=%(refname)%00%(upstream:short)%00%(objectname)%00%(upstream:track)%00%(upstream:remotename)%00%(upstream:remoteref) refs/heads/main refs/remotes/main [1ms]
2026-05-08 13:31:56.749 [warning] [Git][revParse] Unable to read file: ENOENT: no such file or directory, open '/home/martijn/school/periode8/workshop/devops/.git/refs/remotes/origin/main'
2026-05-08 13:31:56.750 [info] > git rev-parse refs/remotes/origin/main [1ms]
2026-05-08 13:31:56.764 [info] > git status -z -uall [8ms]
2026-05-08 13:31:56.764 [info] > git for-each-ref --sort -committerdate --format %(refname)%00%(objectname)%00%(*objectname) [1ms]
2026-05-11 10:31:23.628 [info] > git config --get commit.template [4ms]
2026-05-11 10:31:23.642 [info] > git for-each-ref --format=%(refname)%00%(upstream:short)%00%(objectname)%00%(upstream:track)%00%(upstream:remotename)%00%(upstream:remoteref) refs/heads/main refs/remotes/main [3ms]
2026-05-11 10:31:23.651 [warning] [Git][revParse] Unable to read file: ENOENT: no such file or directory, open '/home/martijn/school/periode8/workshop/devops/.git/refs/remotes/origin/main'
2026-05-11 10:31:23.652 [info] > git rev-parse refs/remotes/origin/main [1ms]
2026-05-11 10:31:23.672 [info] > git status -z -uall [10ms]
2026-05-11 10:31:23.673 [info] > git for-each-ref --sort -committerdate --format %(refname)%00%(objectname)%00%(*objectname) [2ms]
2026-05-11 10:31:28.710 [info] > git config --get commit.template [1ms]
2026-05-11 10:31:28.718 [info] > git for-each-ref --format=%(refname)%00%(upstream:short)%00%(objectname)%00%(upstream:track)%00%(upstream:remotename)%00%(upstream:remoteref) refs/heads/main refs/remotes/main [1ms]
2026-05-11 10:31:28.726 [warning] [Git][revParse] Unable to read file: ENOENT: no such file or directory, open '/home/martijn/school/periode8/workshop/devops/.git/refs/remotes/origin/main'
2026-05-11 10:31:28.727 [info] > git rev-parse refs/remotes/origin/main [1ms]
2026-05-11 10:31:28.743 [info] > git status -z -uall [9ms]
2026-05-11 10:31:28.744 [info] > git for-each-ref --sort -committerdate --format %(refname)%00%(objectname)%00%(*objectname) [1ms]
