vscode <- drawio: { event: "log", body: [ "localStorage: get .drawio-config" ] }
vscode <- drawio: { event: "log", body: [ "localStorage: get debug" ] }
vscode <- drawio: { event: "log", body: [ "localStorage: remove debug" ] }
vscode <- drawio: { event: "log", body: [ "Document loaded, patching prototypes" ] }
vscode <- drawio: { event: "log", body: [ "localStorage: get .drawio-config" ] }
vscode <- drawio: { event: "configure" }
vscode -> drawio: { action: "configure", config: { compressXml: false, customFonts: [  ], presetColors: [  ], customColorSchemes: [  ], ... } }
vscode <- drawio: { event: "log", body: [ "localStorage: get .drawio-config" ] }
vscode <- drawio: { event: "log", body: [ "localStorage: get debug" ] }
vscode <- drawio: { event: "log", body: [ "localStorage: remove debug" ] }
vscode <- drawio: { event: "init" }
vscode -> drawio: { action: "load", xml: "<mxfile host="65bd71144e">
    <diagram id="q-kUYPsd53e"+..., ... }
vscode -> drawio: { action: "export", format: "xml", actionId: "0" }
vscode <- drawio: { event: "pluginLoaded", pluginId: "linkSelectedNodeWithData" }
vscode -> drawio: { action: "setNodeSelectionEnabled", enabled: false }
vscode <- drawio: { event: "pluginLoaded", pluginId: "focus" }
vscode -> drawio: { action: "setNodeSelectionEnabled", enabled: false }
vscode <- drawio: { event: "focusChanged", hasFocus: true }
vscode <- drawio: { event: "pluginLoaded", pluginId: "menu-entries" }
vscode -> drawio: { action: "setNodeSelectionEnabled", enabled: false }
vscode <- drawio: { event: "pluginLoaded", pluginId: "LiveShare" }
vscode -> drawio: { action: "setNodeSelectionEnabled", enabled: false }
vscode <- drawio: { event: "load", pageVisible: true, translate: { x: 904, y: 808 }, bounds: { x: 1083.5, y: 1082.5, ... }, ... }
vscode <- drawio: { event: "export", pageVisible: true, translate: { x: 904, y: 808 }, bounds: { x: 1083.5, y: 1082.5, ... }, ... }
vscode <- drawio: { error: "unknownMessage", data: "{"action":"setNodeSelectionEnabled","enabled":"+... }
vscode <- drawio: { error: "unknownMessage", data: "{"action":"setNodeSelectionEnabled","enabled":"+... }
vscode <- drawio: { error: "unknownMessage", data: "{"action":"setNodeSelectionEnabled","enabled":"+... }
vscode <- drawio: { error: "unknownMessage", data: "{"action":"setNodeSelectionEnabled","enabled":"+... }
vscode <- drawio: { event: "log", body: [ "localStorage: get .drawio-config" ] }
vscode <- drawio: { event: "log", body: [ "localStorage: set .drawio-config to {"language":"","cus"+... ] }
vscode <- drawio: { event: "updateLocalStorage", newLocalStorage: { .drawio-config: "{"language":"","customFonts":[],"librari"+... } }
vscode <- drawio: { event: "focusChanged", hasFocus: false }
vscode <- drawio: { event: "focusChanged", hasFocus: true }
vscode <- drawio: { event: "cursorChanged", position: { x: 879, y: 242 } }
vscode <- drawio: { event: "cursorChanged", position: { x: 863, y: 262 } }
vscode <- drawio: { event: "cursorChanged", position: { x: 845, y: 290 } }
vscode <- drawio: { event: "cursorChanged", position: { x: 829, y: 314 } }
vscode <- drawio: { event: "cursorChanged", position: { x: 813, y: 342 } }
vscode <- drawio: { event: "cursorChanged", position: { x: 799, y: 366 } }
vscode <- drawio: { event: "cursorChanged", position: { x: 783, y: 388 } }
vscode <- drawio: { event: "cursorChanged", position: { x: 767, y: 408 } }
vscode <- drawio: { event: "cursorChanged", position: { x: 749, y: 426 } }
vscode <- drawio: { event: "cursorChanged", position: { x: 737, y: 440 } }
vscode <- drawio: { event: "cursorChanged", position: { x: 721, y: 452 } }
vscode <- drawio: { event: "cursorChanged", position: { x: 712, y: 459 } }
vscode <- drawio: { event: "cursorChanged", position: { x: 701, y: 463 } }
vscode <- drawio: { event: "cursorChanged", position: { x: 696, y: 466 } }
vscode <- drawio: { event: "cursorChanged", position: { x: 692, y: 468 } }
vscode <- drawio: { event: "cursorChanged", position: { x: 691, y: 468 } }
vscode <- drawio: { event: "cursorChanged", position: { x: 690, y: 468 } }
vscode <- drawio: { event: "cursorChanged", position: { x: 691, y: 465 } }
vscode <- drawio: { event: "cursorChanged", position: { x: 691, y: 463 } }
vscode <- drawio: { event: "cursorChanged", position: { x: 690, y: 462 } }
vscode <- drawio: { event: "cursorChanged", position: { x: 688, y: 461 } }
vscode <- drawio: { event: "cursorChanged", position: { x: 684, y: 456 } }
vscode <- drawio: { event: "cursorChanged", position: { x: 679, y: 452 } }
vscode <- drawio: { event: "cursorChanged", position: { x: 673, y: 449 } }
vscode <- drawio: { event: "cursorChanged", position: { x: 666, y: 445 } }
vscode <- drawio: { event: "cursorChanged", position: { x: 659, y: 440 } }
vscode <- drawio: { event: "cursorChanged", position: { x: 652, y: 437 } }
vscode <- drawio: { event: "cursorChanged", position: { x: 643, y: 433 } }
vscode <- drawio: { event: "cursorChanged", position: { x: 638, y: 432 } }
vscode <- drawio: { event: "cursorChanged", position: { x: 632, y: 427 } }
vscode <- drawio: { event: "cursorChanged", position: { x: 624, y: 420 } }
vscode <- drawio: { event: "cursorChanged", position: { x: 614, y: 411 } }
vscode <- drawio: { event: "cursorChanged", position: { x: 603, y: 401 } }
vscode <- drawio: { event: "cursorChanged", position: { x: 589, y: 391 } }
vscode <- drawio: { event: "cursorChanged", position: { x: 575, y: 381 } }
vscode <- drawio: { event: "cursorChanged", position: { x: 559, y: 373 } }
vscode <- drawio: { event: "cursorChanged", position: { x: 546, y: 366 } }
vscode <- drawio: { event: "cursorChanged", position: { x: 535, y: 362 } }
vscode <- drawio: { event: "cursorChanged", position: { x: 530, y: 358 } }
vscode <- drawio: { event: "cursorChanged", position: { x: 524, y: 372 } }
vscode <- drawio: { event: "cursorChanged", position: { x: 525, y: 374 } }
vscode <- drawio: { event: "cursorChanged", position: { x: 526, y: 375 } }
vscode <- drawio: { event: "cursorChanged", position: { x: 527, y: 376 } }
vscode <- drawio: { event: "cursorChanged", position: { x: 527, y: 375 } }
vscode <- drawio: { event: "cursorChanged", position: { x: 527, y: 374 } }
vscode <- drawio: { event: "cursorChanged", position: { x: 527, y: 373 } }
vscode <- drawio: { event: "cursorChanged", position: { x: 527, y: 372 } }
vscode <- drawio: { event: "cursorChanged", position: { x: 526, y: 371 } }
vscode <- drawio: { event: "cursorChanged", position: { x: 526, y: 370 } }
vscode <- drawio: { event: "cursorChanged", position: { x: 526, y: 368 } }
vscode <- drawio: { event: "cursorChanged", position: { x: 526, y: 367 } }
vscode <- drawio: { event: "cursorChanged", position: { x: 525, y: 365 } }
vscode <- drawio: { event: "cursorChanged", position: { x: 525, y: 364 } }
vscode <- drawio: { event: "cursorChanged", position: { x: 525, y: 363 } }
vscode <- drawio: { event: "cursorChanged", position: { x: 525, y: 361 } }
vscode <- drawio: { event: "cursorChanged", position: { x: 524, y: 360 } }
vscode <- drawio: { event: "cursorChanged", position: { x: 524, y: 359 } }
vscode <- drawio: { event: "cursorChanged", position: { x: 523, y: 357 } }
vscode <- drawio: { event: "cursorChanged", position: { x: 523, y: 356 } }
vscode <- drawio: { event: "cursorChanged", position: { x: 523, y: 355 } }
vscode <- drawio: { event: "cursorChanged", position: { x: 522, y: 354 } }
vscode <- drawio: { event: "cursorChanged", position: { x: 522, y: 352 } }
vscode <- drawio: { event: "cursorChanged", position: { x: 521, y: 351 } }
vscode <- drawio: { event: "cursorChanged", position: { x: 522, y: 351 } }
vscode <- drawio: { event: "cursorChanged", position: { x: 523, y: 351 } }
vscode <- drawio: { event: "cursorChanged", position: { x: 524, y: 351 } }
vscode <- drawio: { event: "cursorChanged", position: { x: 525, y: 351 } }
vscode <- drawio: { event: "cursorChanged", position: { x: 526, y: 350 } }
vscode <- drawio: { event: "cursorChanged", position: { x: 527, y: 350 } }
vscode <- drawio: { event: "cursorChanged", position: { x: 527, y: 349 } }
vscode <- drawio: { event: "cursorChanged", position: { x: 527, y: 348 } }
vscode <- drawio: { event: "cursorChanged", position: { x: 527, y: 347 } }
vscode <- drawio: { event: "cursorChanged", position: { x: 527, y: 346 } }
vscode <- drawio: { event: "cursorChanged", position: { x: 526.8, y: 444.20000000000005 } }
vscode <- drawio: { event: "cursorChanged", position: { x: 527.2, y: 443.4 } }
vscode <- drawio: { event: "cursorChanged", position: { x: 527.2, y: 442.6 } }
vscode <- drawio: { event: "cursorChanged", position: { x: 527.2, y: 441.79999999999995 } }
vscode <- drawio: { event: "cursorChanged", position: { x: 527.2, y: 441 } }
vscode <- drawio: { event: "cursorChanged", position: { x: 527.2, y: 439.79999999999995 } }
vscode <- drawio: { event: "cursorChanged", position: { x: 527.6, y: 438.20000000000005 } }
vscode <- drawio: { event: "cursorChanged", position: { x: 527.6, y: 437 } }
vscode <- drawio: { event: "cursorChanged", position: { x: 527.6, y: 436.20000000000005 } }
vscode <- drawio: { event: "cursorChanged", position: { x: 527.6, y: 435.4 } }
vscode <- drawio: { event: "cursorChanged", position: { x: 527.6, y: 433.4 } }
vscode <- drawio: { event: "cursorChanged", position: { x: 527.6, y: 433 } }
vscode <- drawio: { event: "cursorChanged", position: { x: 527.2, y: 433 } }
vscode <- drawio: { event: "cursorChanged", position: { x: 527.2, y: 432.6 } }
vscode <- drawio: { event: "cursorChanged", position: { x: 527.2, y: 432.20000000000005 } }
vscode <- drawio: { event: "cursorChanged", position: { x: 527.2, y: 431.79999999999995 } }
vscode <- drawio: { event: "cursorChanged", position: { x: 527.2, y: 431.4 } }
vscode <- drawio: { event: "cursorChanged", position: { x: 527.2, y: 431 } }
vscode <- drawio: { event: "cursorChanged", position: { x: 527.2, y: 430.6 } }
vscode <- drawio: { event: "cursorChanged", position: { x: 527.2, y: 430.20000000000005 } }
vscode <- drawio: { event: "cursorChanged", position: { x: 527.6, y: 430.20000000000005 } }
vscode <- drawio: { event: "cursorChanged", position: { x: 527.6, y: 429.79999999999995 } }
vscode <- drawio: { event: "cursorChanged", position: { x: 527.6, y: 429.4 } }
vscode <- drawio: { event: "cursorChanged", position: { x: 527.6, y: 428.6 } }
vscode <- drawio: { event: "cursorChanged", position: { x: 528, y: 428.20000000000005 } }
vscode <- drawio: { event: "cursorChanged", position: { x: 528.4, y: 427.79999999999995 } }
vscode <- drawio: { event: "cursorChanged", position: { x: 528.4, y: 426.6 } }
vscode <- drawio: { event: "cursorChanged", position: { x: 528.8, y: 425.79999999999995 } }
vscode <- drawio: { event: "cursorChanged", position: { x: 529.2, y: 425.4 } }
vscode <- drawio: { event: "cursorChanged", position: { x: 529.2, y: 424.20000000000005 } }
vscode <- drawio: { event: "cursorChanged", position: { x: 530, y: 423.4 } }
vscode <- drawio: { event: "cursorChanged", position: { x: 530, y: 423 } }
vscode <- drawio: { event: "cursorChanged", position: { x: 530.4, y: 422.20000000000005 } }
vscode <- drawio: { event: "cursorChanged", position: { x: 530.8, y: 421.4 } }
vscode <- drawio: { event: "cursorChanged", position: { x: 531.2, y: 420.6 } }
vscode <- drawio: { event: "cursorChanged", position: { x: 531.2, y: 419.79999999999995 } }
vscode <- drawio: { event: "cursorChanged", position: { x: 531.6, y: 419.4 } }
vscode <- drawio: { event: "cursorChanged", position: { x: 531.6, y: 418.6 } }
vscode <- drawio: { event: "cursorChanged", position: { x: 531.6, y: 417.79999999999995 } }
vscode <- drawio: { event: "cursorChanged", position: { x: 532, y: 417.4 } }
vscode <- drawio: { event: "cursorChanged", position: { x: 532, y: 417 } }
vscode <- drawio: { event: "cursorChanged", position: { x: 532, y: 416.6 } }
vscode <- drawio: { event: "cursorChanged", position: { x: 532, y: 416.20000000000005 } }
vscode <- drawio: { event: "cursorChanged", position: { x: 531.6, y: 415.4 } }
vscode <- drawio: { event: "cursorChanged", position: { x: 531.2, y: 415.4 } }
vscode <- drawio: { event: "cursorChanged", position: { x: 531.2, y: 415 } }
vscode <- drawio: { event: "cursorChanged", position: { x: 530.8, y: 414.6 } }
vscode <- drawio: { event: "cursorChanged", position: { x: 530.4, y: 414.6 } }
vscode <- drawio: { event: "cursorChanged", position: { x: 530, y: 414.20000000000005 } }
vscode <- drawio: { event: "cursorChanged", position: { x: 530, y: 413.79999999999995 } }
vscode <- drawio: { event: "cursorChanged", position: { x: 530.4, y: 413.4 } }
vscode <- drawio: { event: "cursorChanged", position: { x: 530.4, y: 413 } }
vscode <- drawio: { event: "cursorChanged", position: { x: 530.4, y: 412.6 } }
vscode <- drawio: { event: "cursorChanged", position: { x: 531.2, y: 411.79999999999995 } }
vscode <- drawio: { event: "cursorChanged", position: { x: 531.6, y: 411.4 } }
vscode <- drawio: { event: "cursorChanged", position: { x: 532, y: 409.4 } }
vscode <- drawio: { event: "cursorChanged", position: { x: 532, y: 407.79999999999995 } }
vscode <- drawio: { event: "cursorChanged", position: { x: 532.8, y: 404.6 } }
vscode <- drawio: { event: "cursorChanged", position: { x: 533.6, y: 402.20000000000005 } }
vscode <- drawio: { event: "cursorChanged", position: { x: 533.6, y: 400.6 } }
vscode <- drawio: { event: "cursorChanged", position: { x: 534, y: 397.79999999999995 } }
vscode <- drawio: { event: "cursorChanged", position: { x: 534, y: 396.20000000000005 } }
vscode <- drawio: { event: "cursorChanged", position: { x: 534, y: 395 } }
vscode <- drawio: { event: "cursorChanged", position: { x: 534.8, y: 393.4 } }
vscode <- drawio: { event: "cursorChanged", position: { x: 534.8, y: 392.6 } }
vscode <- drawio: { event: "cursorChanged", position: { x: 535.2, y: 391.79999999999995 } }
vscode <- drawio: { event: "cursorChanged", position: { x: 535.2, y: 391.4 } }
vscode <- drawio: { event: "cursorChanged", position: { x: 535.2, y: 391 } }
vscode <- drawio: { event: "cursorChanged", position: { x: 535.6, y: 390.6 } }
vscode <- drawio: { event: "cursorChanged", position: { x: 536, y: 389.79999999999995 } }
vscode <- drawio: { event: "cursorChanged", position: { x: 536.4, y: 388.6 } }
vscode <- drawio: { event: "cursorChanged", position: { x: 537.6, y: 387.79999999999995 } }
vscode <- drawio: { event: "cursorChanged", position: { x: 538, y: 386.6 } }
vscode <- drawio: { event: "cursorChanged", position: { x: 538.4, y: 385.79999999999995 } }
vscode <- drawio: { event: "cursorChanged", position: { x: 538.8, y: 384.6 } }
vscode <- drawio: { event: "cursorChanged", position: { x: 539.2, y: 383.79999999999995 } }
vscode <- drawio: { event: "cursorChanged", position: { x: 540, y: 382.20000000000005 } }
vscode <- drawio: { event: "cursorChanged", position: { x: 540.4, y: 381.4 } }
vscode <- drawio: { event: "cursorChanged", position: { x: 540.8, y: 380.20000000000005 } }
vscode <- drawio: { event: "cursorChanged", position: { x: 541.6, y: 379 } }
vscode <- drawio: { event: "cursorChanged", position: { x: 542, y: 377.79999999999995 } }
vscode <- drawio: { event: "cursorChanged", position: { x: 542.4, y: 376.6 } }
vscode <- drawio: { event: "cursorChanged", position: { x: 542.8, y: 375.4 } }
vscode <- drawio: { event: "cursorChanged", position: { x: 543.2, y: 375 } }
vscode <- drawio: { event: "cursorChanged", position: { x: 543.6, y: 374.20000000000005 } }
vscode <- drawio: { event: "cursorChanged", position: { x: 543.6, y: 373 } }
vscode <- drawio: { event: "cursorChanged", position: { x: 544, y: 372.6 } }
vscode <- drawio: { event: "cursorChanged", position: { x: 544, y: 372.20000000000005 } }
vscode <- drawio: { event: "cursorChanged", position: { x: 544.4, y: 372.20000000000005 } }
vscode <- drawio: { event: "cursorChanged", position: { x: 544.4, y: 371.79999999999995 } }
vscode <- drawio: { event: "cursorChanged", position: { x: 551.5714285714287, y: 346.57142857142856 } }
vscode <- drawio: { event: "cursorChanged", position: { x: 551.5714285714287, y: 346 } }
vscode <- drawio: { event: "cursorChanged", position: { x: 551.5714285714287, y: 345.42857142857144 } }
vscode <- drawio: { event: "selectedCellsChanged", selectedCellIds: [ "3" ] }
vscode <- drawio: { event: "selectedRectangleChanged" }
vscode <- drawio: { event: "selectedRectangleChanged" }
vscode <- drawio: { event: "selectedCellsChanged", selectedCellIds: [ "3" ] }
vscode <- drawio: { event: "cursorChanged", position: { x: 552.1428571428571, y: 344.8571428571429 } }
vscode <- drawio: { event: "autosave", pageVisible: true, translate: { x: 517, y: 462 }, bounds: { x: 1218.875, ... }, ... }
vscode <- drawio: { event: "selectedCellsChanged", selectedCellIds: [ "3" ] }
vscode <- drawio: { event: "autosave", pageVisible: true, translate: { x: 517, y: 462 }, bounds: { x: 1218.875, ... }, ... }
vscode <- drawio: { event: "autosave", pageVisible: true, translate: { x: 517, y: 462 }, bounds: { x: 1218.875, ... }, ... }
vscode <- drawio: { event: "selectedCellsChanged", selectedCellIds: [ "3" ] }
vscode <- drawio: { event: "cursorChanged", position: { x: 557.2857142857142, y: 338 } }
vscode <- drawio: { event: "cursorChanged", position: { x: 557.2857142857142, y: 334.57142857142856 } }
vscode <- drawio: { event: "cursorChanged", position: { x: 557.2857142857142, y: 328.8571428571429 } }
vscode <- drawio: { event: "cursorChanged", position: { x: 555, y: 322.57142857142856 } }
vscode <- drawio: { event: "cursorChanged", position: { x: 553.8571428571429, y: 315.71428571428567 } }
vscode <- drawio: { event: "cursorChanged", position: { x: 550.4285714285713, y: 307.1428571428571 } }
vscode <- drawio: { event: "cursorChanged", position: { x: 547, y: 298.57142857142856 } }
vscode <- drawio: { event: "cursorChanged", position: { x: 545.2857142857142, y: 292.28571428571433 } }
vscode <- drawio: { event: "cursorChanged", position: { x: 541.8571428571429, y: 284.28571428571433 } }
vscode <- drawio: { event: "cursorChanged", position: { x: 538.4285714285713, y: 278 } }
vscode <- drawio: { event: "cursorChanged", position: { x: 535.5714285714287, y: 270 } }
vscode <- drawio: { event: "cursorChanged", position: { x: 532.1428571428571, y: 261.42857142857144 } }
vscode <- drawio: { event: "cursorChanged", position: { x: 529.8571428571429, y: 254 } }
vscode <- drawio: { event: "cursorChanged", position: { x: 565.8571428571429, y: 256.8571428571429 } }
vscode <- drawio: { event: "cursorChanged", position: { x: 567, y: 261.42857142857144 } }
vscode <- drawio: { event: "cursorChanged", position: { x: 567, y: 266 } }
vscode <- drawio: { event: "cursorChanged", position: { x: 565.8571428571429, y: 274 } }
vscode <- drawio: { event: "cursorChanged", position: { x: 565.8571428571429, y: 281.42857142857144 } }
vscode <- drawio: { event: "cursorChanged", position: { x: 564.7142857142858, y: 287.71428571428567 } }
vscode <- drawio: { event: "cursorChanged", position: { x: 563.5714285714287, y: 295.71428571428567 } }
vscode <- drawio: { event: "cursorChanged", position: { x: 563.5714285714287, y: 302.57142857142856 } }
vscode <- drawio: { event: "cursorChanged", position: { x: 563.5714285714287, y: 308.8571428571429 } }
vscode <- drawio: { event: "cursorChanged", position: { x: 563.5714285714287, y: 317.42857142857144 } }
vscode <- drawio: { event: "cursorChanged", position: { x: 563.5714285714287, y: 325.42857142857144 } }
vscode <- drawio: { event: "cursorChanged", position: { x: 563.5714285714287, y: 334 } }
vscode <- drawio: { event: "cursorChanged", position: { x: 563.5714285714287, y: 341.42857142857144 } }
vscode <- drawio: { event: "cursorChanged", position: { x: 563.5714285714287, y: 346 } }
vscode <- drawio: { event: "cursorChanged", position: { x: 563, y: 350.57142857142856 } }
vscode <- drawio: { event: "cursorChanged", position: { x: 561.8571428571429, y: 354 } }
vscode <- drawio: { event: "cursorChanged", position: { x: 561.2857142857142, y: 355.1428571428571 } }
vscode <- drawio: { event: "cursorChanged", position: { x: 560.7142857142858, y: 355.1428571428571 } }
vscode <- drawio: { event: "cursorChanged", position: { x: 559.5714285714287, y: 355.1428571428571 } }
vscode <- drawio: { event: "cursorChanged", position: { x: 559, y: 355.1428571428571 } }
vscode <- drawio: { event: "cursorChanged", position: { x: 558.4285714285713, y: 355.1428571428571 } }
vscode <- drawio: { event: "cursorChanged", position: { x: 557.8571428571429, y: 354.57142857142856 } }
vscode <- drawio: { event: "cursorChanged", position: { x: 557.8571428571429, y: 354 } }
vscode <- drawio: { event: "cursorChanged", position: { x: 557.2857142857142, y: 354 } }
vscode <- drawio: { event: "cursorChanged", position: { x: 556.7142857142858, y: 352.8571428571429 } }
vscode <- drawio: { event: "cursorChanged", position: { x: 556.1428571428571, y: 352.28571428571433 } }
vscode <- drawio: { event: "cursorChanged", position: { x: 554.4285714285713, y: 351.1428571428571 } }
vscode <- drawio: { event: "cursorChanged", position: { x: 553.8571428571429, y: 351.1428571428571 } }
vscode <- drawio: { event: "cursorChanged", position: { x: 553.2857142857142, y: 351.1428571428571 } }
vscode <- drawio: { event: "cursorChanged", position: { x: 553.2857142857142, y: 350.57142857142856 } }
vscode <- drawio: { event: "cursorChanged", position: { x: 552.7142857142858, y: 350.57142857142856 } }
vscode <- drawio: { event: "cursorChanged", position: { x: 553.2857142857142, y: 350.57142857142856 } }
vscode <- drawio: { event: "cursorChanged", position: { x: 553.8571428571429, y: 350.57142857142856 } }
vscode <- drawio: { event: "cursorChanged", position: { x: 554.4285714285713, y: 350.57142857142856 } }
vscode <- drawio: { event: "cursorChanged", position: { x: 555, y: 350.57142857142856 } }
vscode <- drawio: { event: "cursorChanged", position: { x: 555, y: 350 } }
vscode <- drawio: { event: "cursorChanged", position: { x: 556.1428571428571, y: 350 } }
vscode <- drawio: { event: "cursorChanged", position: { x: 556.7142857142858, y: 350 } }
vscode <- drawio: { event: "cursorChanged", position: { x: 556.7142857142858, y: 349.42857142857144 } }
vscode <- drawio: { event: "cursorChanged", position: { x: 557.2857142857142, y: 349.42857142857144 } }
vscode <- drawio: { event: "cursorChanged", position: { x: 557.8571428571429, y: 349.42857142857144 } }
vscode <- drawio: { event: "cursorChanged", position: { x: 558.4285714285713, y: 349.42857142857144 } }
vscode <- drawio: { event: "cursorChanged", position: { x: 559, y: 349.42857142857144 } }
vscode <- drawio: { event: "autosave", pageVisible: true, translate: { x: 517, y: 462 }, bounds: { x: 1218.875, ... }, ... }
vscode <- drawio: { event: "selectedCellsChanged", selectedCellIds: [ "3" ] }
vscode <- drawio: { event: "cursorChanged", position: { x: 559.5714285714287, y: 348.8571428571429 } }
vscode <- drawio: { event: "cursorChanged", position: { x: 560.1428571428571, y: 348.8571428571429 } }
vscode <- drawio: { event: "cursorChanged", position: { x: 560.7142857142858, y: 348.8571428571429 } }
vscode <- drawio: { event: "cursorChanged", position: { x: 561.2857142857142, y: 349.42857142857144 } }
vscode <- drawio: { event: "cursorChanged", position: { x: 561.8571428571429, y: 349.42857142857144 } }
vscode <- drawio: { event: "cursorChanged", position: { x: 562.4285714285713, y: 349.42857142857144 } }
vscode <- drawio: { event: "cursorChanged", position: { x: 563, y: 350 } }
vscode <- drawio: { event: "cursorChanged", position: { x: 563, y: 350.57142857142856 } }
vscode <- drawio: { event: "cursorChanged", position: { x: 563, y: 351.1428571428571 } }
vscode <- drawio: { event: "cursorChanged", position: { x: 563, y: 351.71428571428567 } }
vscode <- drawio: { event: "cursorChanged", position: { x: 562.4285714285713, y: 351.71428571428567 } }
vscode <- drawio: { event: "cursorChanged", position: { x: 562.4285714285713, y: 351.1428571428571 } }
vscode <- drawio: { event: "cursorChanged", position: { x: 562.4285714285713, y: 350.57142857142856 } }
vscode <- drawio: { event: "cursorChanged", position: { x: 562.4285714285713, y: 350 } }
vscode <- drawio: { event: "cursorChanged", position: { x: 562.4285714285713, y: 349.42857142857144 } }
vscode <- drawio: { event: "cursorChanged", position: { x: 562.4285714285713, y: 348.28571428571433 } }
vscode <- drawio: { event: "cursorChanged", position: { x: 563, y: 348.28571428571433 } }
vscode <- drawio: { event: "cursorChanged", position: { x: 563, y: 347.71428571428567 } }
vscode <- drawio: { event: "cursorChanged", position: { x: 563.5714285714287, y: 347.1428571428571 } }
vscode <- drawio: { event: "cursorChanged", position: { x: 563.5714285714287, y: 346.57142857142856 } }
vscode <- drawio: { event: "cursorChanged", position: { x: 563.5714285714287, y: 346 } }
vscode <- drawio: { event: "cursorChanged", position: { x: 564.1428571428571, y: 346 } }
vscode <- drawio: { event: "cursorChanged", position: { x: 564.1428571428571, y: 345.42857142857144 } }
vscode <- drawio: { event: "cursorChanged", position: { x: 564.1428571428571, y: 344.8571428571429 } }
vscode <- drawio: { event: "cursorChanged", position: { x: 564.7142857142858, y: 344.8571428571429 } }
vscode <- drawio: { event: "selectedRectangleChanged" }
vscode <- drawio: { event: "cursorChanged", position: { x: 564.1428571428571, y: 344.8571428571429 } }
vscode <- drawio: { event: "cursorChanged", position: { x: 563.5714285714287, y: 344.8571428571429 } }
vscode <- drawio: { event: "cursorChanged", position: { x: 563, y: 344.8571428571429 } }
vscode <- drawio: { event: "cursorChanged", position: { x: 561.8571428571429, y: 344.8571428571429 } }
vscode <- drawio: { event: "cursorChanged", position: { x: 560.7142857142858, y: 344.28571428571433 } }
vscode <- drawio: { event: "cursorChanged", position: { x: 559.5714285714287, y: 344.28571428571433 } }
vscode <- drawio: { event: "cursorChanged", position: { x: 559, y: 344.28571428571433 } }
vscode <- drawio: { event: "cursorChanged", position: { x: 556.1428571428571, y: 343.1428571428571 } }
vscode <- drawio: { event: "cursorChanged", position: { x: 553.8571428571429, y: 342.57142857142856 } }
vscode <- drawio: { event: "cursorChanged", position: { x: 552.7142857142858, y: 342 } }
vscode <- drawio: { event: "cursorChanged", position: { x: 551, y: 342 } }
vscode <- drawio: { event: "cursorChanged", position: { x: 549.8571428571429, y: 342 } }
vscode <- drawio: { event: "cursorChanged", position: { x: 548.1428571428571, y: 340.8571428571429 } }
vscode <- drawio: { event: "cursorChanged", position: { x: 547.5714285714287, y: 340.8571428571429 } }
vscode <- drawio: { event: "cursorChanged", position: { x: 547, y: 340.28571428571433 } }
vscode <- drawio: { event: "cursorChanged", position: { x: 546.4285714285713, y: 340.28571428571433 } }
vscode <- drawio: { event: "cursorChanged", position: { x: 545.8571428571429, y: 340.28571428571433 } }
vscode <- drawio: { event: "cursorChanged", position: { x: 545.8571428571429, y: 339.71428571428567 } }
vscode <- drawio: { event: "cursorChanged", position: { x: 545.2857142857142, y: 339.71428571428567 } }
vscode <- drawio: { event: "cursorChanged", position: { x: 545.2857142857142, y: 339.1428571428571 } }
vscode <- drawio: { event: "cursorChanged", position: { x: 545.2857142857142, y: 338.57142857142856 } }
vscode <- drawio: { event: "selectedRectangleChanged" }
vscode <- drawio: { event: "selectedRectangleChanged" }
vscode <- drawio: { event: "selectedCellsChanged", selectedCellIds: [ "3" ] }
vscode <- drawio: { event: "cursorChanged", position: { x: 643, y: 316.8571428571429 } }
vscode <- drawio: { event: "cursorChanged", position: { x: 645.2857142857142, y: 316.28571428571433 } }
vscode <- drawio: { event: "cursorChanged", position: { x: 647, y: 315.1428571428571 } }
vscode <- drawio: { event: "cursorChanged", position: { x: 648.1428571428571, y: 315.1428571428571 } }
vscode <- drawio: { event: "cursorChanged", position: { x: 648.7142857142858, y: 315.1428571428571 } }
vscode <- drawio: { event: "cursorChanged", position: { x: 649.2857142857142, y: 315.1428571428571 } }
vscode <- drawio: { event: "cursorChanged", position: { x: 649.8571428571429, y: 316.28571428571433 } }
vscode <- drawio: { event: "cursorChanged", position: { x: 650.4285714285713, y: 317.42857142857144 } }
vscode <- drawio: { event: "cursorChanged", position: { x: 652.1428571428571, y: 320.28571428571433 } }
vscode <- drawio: { event: "cursorChanged", position: { x: 652.7142857142858, y: 323.71428571428567 } }
vscode <- drawio: { event: "cursorChanged", position: { x: 653.8571428571429, y: 327.1428571428571 } }
vscode <- drawio: { event: "cursorChanged", position: { x: 653.8571428571429, y: 329.42857142857144 } }
vscode <- drawio: { event: "cursorChanged", position: { x: 653.8571428571429, y: 331.71428571428567 } }
vscode <- drawio: { event: "cursorChanged", position: { x: 653.8571428571429, y: 334 } }
vscode <- drawio: { event: "cursorChanged", position: { x: 652.1428571428571, y: 334.57142857142856 } }
vscode <- drawio: { event: "cursorChanged", position: { x: 651, y: 336.28571428571433 } }
vscode <- drawio: { event: "cursorChanged", position: { x: 649.2857142857142, y: 336.8571428571429 } }
vscode <- drawio: { event: "cursorChanged", position: { x: 647, y: 337.42857142857144 } }
vscode <- drawio: { event: "cursorChanged", position: { x: 645.8571428571429, y: 338 } }
vscode <- drawio: { event: "cursorChanged", position: { x: 643, y: 339.1428571428571 } }
vscode <- drawio: { event: "autosave", pageVisible: true, translate: { x: 517, y: 462 }, bounds: { x: 1218.875, ... }, ... }
vscode <- drawio: { event: "cursorChanged", position: { x: 637.2857142857142, y: 337.42857142857144 } }
vscode <- drawio: { event: "cursorChanged", position: { x: 636.7142857142858, y: 336.8571428571429 } }
vscode <- drawio: { event: "cursorChanged", position: { x: 636.1428571428571, y: 336.8571428571429 } }
vscode <- drawio: { event: "cursorChanged", position: { x: 635.5714285714287, y: 336.28571428571433 } }
vscode <- drawio: { event: "cursorChanged", position: { x: 633.8571428571429, y: 334.57142857142856 } }
vscode <- drawio: { event: "cursorChanged", position: { x: 633.8571428571429, y: 334 } }
vscode <- drawio: { event: "cursorChanged", position: { x: 633.2857142857142, y: 333.42857142857144 } }
vscode <- drawio: { event: "cursorChanged", position: { x: 632.7142857142858, y: 332.28571428571433 } }
vscode <- drawio: { event: "cursorChanged", position: { x: 632.7142857142858, y: 331.71428571428567 } }
vscode <- drawio: { event: "cursorChanged", position: { x: 632.1428571428571, y: 331.71428571428567 } }
vscode <- drawio: { event: "cursorChanged", position: { x: 632.1428571428571, y: 332.28571428571433 } }
vscode <- drawio: { event: "cursorChanged", position: { x: 632.1428571428571, y: 334 } }
vscode <- drawio: { event: "cursorChanged", position: { x: 632.1428571428571, y: 338 } }
vscode <- drawio: { event: "cursorChanged", position: { x: 632.1428571428571, y: 342 } }
vscode <- drawio: { event: "cursorChanged", position: { x: 632.1428571428571, y: 348.28571428571433 } }
vscode <- drawio: { event: "cursorChanged", position: { x: 632.1428571428571, y: 362 } }
vscode <- drawio: { event: "cursorChanged", position: { x: 632.1428571428571, y: 371.71428571428567 } }
vscode <- drawio: { event: "cursorChanged", position: { x: 632.1428571428571, y: 388.8571428571429 } }
vscode <- drawio: { event: "cursorChanged", position: { x: 632.1428571428571, y: 404.8571428571429 } }
vscode <- drawio: { event: "cursorChanged", position: { x: 632.1428571428571, y: 418.57142857142856 } }
vscode <- drawio: { event: "cursorChanged", position: { x: 632.1428571428571, y: 433.42857142857144 } }
vscode <- drawio: { event: "cursorChanged", position: { x: 631, y: 449.42857142857144 } }
vscode <- drawio: { event: "cursorChanged", position: { x: 628.7142857142858, y: 464.28571428571433 } }
vscode <- drawio: { event: "cursorChanged", position: { x: 626.4285714285713, y: 480.28571428571433 } }
vscode <- drawio: { event: "cursorChanged", position: { x: 623, y: 492.8571428571429 } }
vscode <- drawio: { event: "cursorChanged", position: { x: 620.7142857142858, y: 503.1428571428571 } }
vscode <- drawio: { event: "cursorChanged", position: { x: 617.2857142857142, y: 514.5714285714286 } }
vscode <- drawio: { event: "cursorChanged", position: { x: 615.5714285714287, y: 523.1428571428571 } }
vscode <- drawio: { event: "cursorChanged", position: { x: 614.4285714285713, y: 530 } }
vscode <- drawio: { event: "cursorChanged", position: { x: 612.1428571428571, y: 535.1428571428571 } }
vscode <- drawio: { event: "cursorChanged", position: { x: 611.5714285714287, y: 536.8571428571429 } }
vscode <- drawio: { event: "cursorChanged", position: { x: 611.5714285714287, y: 538.5714285714286 } }
vscode <- drawio: { event: "cursorChanged", position: { x: 611, y: 538.5714285714286 } }
vscode <- drawio: { event: "cursorChanged", position: { x: 609.8571428571429, y: 538.5714285714286 } }
vscode <- drawio: { event: "cursorChanged", position: { x: 607, y: 537.4285714285714 } }
vscode <- drawio: { event: "cursorChanged", position: { x: 604.7142857142858, y: 537.4285714285714 } }
vscode <- drawio: { event: "cursorChanged", position: { x: 601.8571428571429, y: 536.2857142857143 } }
vscode <- drawio: { event: "cursorChanged", position: { x: 599.5714285714287, y: 536.2857142857143 } }
vscode <- drawio: { event: "cursorChanged", position: { x: 596.1428571428571, y: 535.7142857142857 } }
vscode <- drawio: { event: "cursorChanged", position: { x: 593.2857142857142, y: 535.7142857142857 } }
vscode <- drawio: { event: "cursorChanged", position: { x: 589.2857142857142, y: 535.7142857142857 } }
vscode <- drawio: { event: "cursorChanged", position: { x: 586.4285714285713, y: 535.7142857142857 } }
vscode <- drawio: { event: "cursorChanged", position: { x: 582.4285714285713, y: 535.7142857142857 } }
vscode <- drawio: { event: "cursorChanged", position: { x: 579, y: 535.7142857142857 } }
vscode <- drawio: { event: "cursorChanged", position: { x: 575, y: 535.7142857142857 } }
vscode <- drawio: { event: "cursorChanged", position: { x: 571.5714285714287, y: 534.5714285714286 } }
vscode <- drawio: { event: "cursorChanged", position: { x: 568.1428571428571, y: 533.4285714285714 } }
vscode <- drawio: { event: "cursorChanged", position: { x: 564.7142857142858, y: 532.8571428571429 } }
vscode <- drawio: { event: "cursorChanged", position: { x: 561.2857142857142, y: 531.7142857142857 } }
vscode <- drawio: { event: "cursorChanged", position: { x: 557.2857142857142, y: 530 } }
vscode <- drawio: { event: "cursorChanged", position: { x: 555, y: 529.4285714285714 } }
vscode <- drawio: { event: "cursorChanged", position: { x: 552.7142857142858, y: 527.7142857142857 } }
vscode <- drawio: { event: "autosave", pageVisible: true, translate: { x: 517, y: 462 }, bounds: { x: 1218.875, ... }, ... }
vscode <- drawio: { event: "selectedCellsChanged", selectedCellIds: [ "3" ] }
vscode <- drawio: { event: "cursorChanged", position: { x: 548.7142857142858, y: 525.4285714285714 } }
vscode <- drawio: { event: "cursorChanged", position: { x: 546.4285714285713, y: 523.7142857142857 } }
vscode <- drawio: { event: "cursorChanged", position: { x: 545.2857142857142, y: 523.1428571428571 } }
vscode <- drawio: { event: "cursorChanged", position: { x: 544.1428571428571, y: 522.5714285714286 } }
vscode <- drawio: { event: "cursorChanged", position: { x: 543.5714285714287, y: 521.4285714285714 } }
vscode <- drawio: { event: "cursorChanged", position: { x: 541.8571428571429, y: 520.2857142857143 } }
vscode <- drawio: { event: "cursorChanged", position: { x: 540.7142857142858, y: 519.7142857142857 } }
vscode <- drawio: { event: "cursorChanged", position: { x: 540.1428571428571, y: 518.5714285714286 } }
vscode <- drawio: { event: "cursorChanged", position: { x: 539, y: 518 } }
vscode <- drawio: { event: "cursorChanged", position: { x: 538.4285714285713, y: 517.4285714285714 } }
vscode <- drawio: { event: "cursorChanged", position: { x: 538.4285714285713, y: 516.8571428571429 } }
vscode <- drawio: { event: "cursorChanged", position: { x: 537.8571428571429, y: 516.8571428571429 } }
vscode <- drawio: { event: "cursorChanged", position: { x: 537.8571428571429, y: 516.2857142857143 } }
vscode <- drawio: { event: "cursorChanged", position: { x: 537.8571428571429, y: 515.7142857142857 } }
vscode <- drawio: { event: "cursorChanged", position: { x: 537.2857142857142, y: 515.7142857142857 } }
vscode <- drawio: { event: "cursorChanged", position: { x: 537.2857142857142, y: 515.1428571428571 } }
vscode <- drawio: { event: "cursorChanged", position: { x: 536.7142857142858, y: 515.1428571428571 } }
vscode <- drawio: { event: "cursorChanged", position: { x: 536.1428571428571, y: 514.5714285714286 } }
vscode <- drawio: { event: "cursorChanged", position: { x: 535.5714285714287, y: 514 } }
vscode <- drawio: { event: "cursorChanged", position: { x: 535, y: 514 } }
vscode <- drawio: { event: "cursorChanged", position: { x: 534.4285714285713, y: 513.4285714285714 } }
vscode <- drawio: { event: "cursorChanged", position: { x: 533.2857142857142, y: 513.4285714285714 } }
vscode <- drawio: { event: "cursorChanged", position: { x: 532.1428571428571, y: 512.8571428571429 } }
vscode <- drawio: { event: "cursorChanged", position: { x: 531, y: 512.2857142857143 } }
vscode <- drawio: { event: "cursorChanged", position: { x: 529.8571428571429, y: 511.71428571428567 } }
vscode <- drawio: { event: "cursorChanged", position: { x: 527.5714285714287, y: 511.71428571428567 } }
vscode <- drawio: { event: "cursorChanged", position: { x: 524.1428571428571, y: 510.57142857142856 } }
vscode <- drawio: { event: "cursorChanged", position: { x: 523, y: 510.57142857142856 } }
vscode <- drawio: { event: "cursorChanged", position: { x: 519.5714285714287, y: 510.57142857142856 } }
vscode <- drawio: { event: "cursorChanged", position: { x: 515, y: 509.42857142857144 } }
vscode <- drawio: { event: "cursorChanged", position: { x: 508.7142857142858, y: 509.42857142857144 } }
vscode <- drawio: { event: "cursorChanged", position: { x: 502.42857142857144, y: 508.28571428571433 } }
vscode <- drawio: { event: "cursorChanged", position: { x: 495.57142857142856, y: 507.71428571428567 } }
vscode <- drawio: { event: "cursorChanged", position: { x: 487, y: 507.71428571428567 } }
vscode <- drawio: { event: "cursorChanged", position: { x: 477.8571428571429, y: 506.57142857142856 } }
vscode <- drawio: { event: "cursorChanged", position: { x: 468.1428571428571, y: 506.57142857142856 } }
vscode <- drawio: { event: "cursorChanged", position: { x: 459.57142857142856, y: 505.42857142857144 } }
vscode <- drawio: { event: "cursorChanged", position: { x: 449.8571428571429, y: 504.28571428571433 } }
vscode <- drawio: { event: "cursorChanged", position: { x: 444.71428571428567, y: 504.28571428571433 } }
vscode <- drawio: { event: "cursorChanged", position: { x: 443, y: 504.28571428571433 } }
vscode <- drawio: { event: "cursorChanged", position: { x: 439.57142857142856, y: 504.28571428571433 } }
vscode <- drawio: { event: "cursorChanged", position: { x: 431.57142857142856, y: 504.28571428571433 } }
vscode <- drawio: { event: "cursorChanged", position: { x: 425.8571428571429, y: 504.28571428571433 } }
vscode <- drawio: { event: "cursorChanged", position: { x: 416.1428571428571, y: 504.28571428571433 } }
vscode <- drawio: { event: "cursorChanged", position: { x: 409.8571428571429, y: 503.1428571428571 } }
vscode <- drawio: { event: "cursorChanged", position: { x: 400.1428571428571, y: 503.1428571428571 } }
vscode <- drawio: { event: "cursorChanged", position: { x: 395.57142857142856, y: 502 } }
vscode <- drawio: { event: "cursorChanged", position: { x: 388.1428571428571, y: 500.8571428571429 } }
vscode <- drawio: { event: "cursorChanged", position: { x: 381.28571428571433, y: 499.71428571428567 } }
vscode <- drawio: { event: "cursorChanged", position: { x: 377.28571428571433, y: 499.71428571428567 } }
vscode <- drawio: { event: "cursorChanged", position: { x: 372.71428571428567, y: 499.1428571428571 } }
vscode <- drawio: { event: "cursorChanged", position: { x: 368.71428571428567, y: 498 } }
vscode <- drawio: { event: "cursorChanged", position: { x: 366.42857142857144, y: 496.28571428571433 } }
vscode <- drawio: { event: "cursorChanged", position: { x: 364.1428571428571, y: 496.28571428571433 } }
vscode <- drawio: { event: "cursorChanged", position: { x: 363, y: 495.71428571428567 } }
vscode <- drawio: { event: "cursorChanged", position: { x: 361.8571428571429, y: 495.1428571428571 } }
vscode <- drawio: { event: "cursorChanged", position: { x: 360.71428571428567, y: 494.57142857142856 } }
vscode <- drawio: { event: "cursorChanged", position: { x: 360.1428571428571, y: 494 } }
vscode <- drawio: { event: "cursorChanged", position: { x: 360.1428571428571, y: 492.8571428571429 } }
vscode <- drawio: { event: "cursorChanged", position: { x: 359.57142857142856, y: 492.8571428571429 } }
vscode <- drawio: { event: "cursorChanged", position: { x: 359.57142857142856, y: 492.28571428571433 } }
vscode <- drawio: { event: "cursorChanged", position: { x: 359.57142857142856, y: 491.71428571428567 } }
vscode <- drawio: { event: "cursorChanged", position: { x: 360.1428571428571, y: 491.71428571428567 } }
vscode <- drawio: { event: "cursorChanged", position: { x: 360.71428571428567, y: 491.71428571428567 } }
vscode <- drawio: { event: "cursorChanged", position: { x: 360.71428571428567, y: 491.1428571428571 } }
vscode <- drawio: { event: "cursorChanged", position: { x: 361.28571428571433, y: 491.1428571428571 } }
vscode <- drawio: { event: "cursorChanged", position: { x: 361.28571428571433, y: 490.57142857142856 } }
vscode <- drawio: { event: "cursorChanged", position: { x: 361.8571428571429, y: 490.57142857142856 } }
vscode <- drawio: { event: "cursorChanged", position: { x: 363, y: 490 } }
vscode <- drawio: { event: "cursorChanged", position: { x: 363.57142857142856, y: 490 } }
vscode <- drawio: { event: "cursorChanged", position: { x: 363.57142857142856, y: 489.42857142857144 } }
vscode <- drawio: { event: "cursorChanged", position: { x: 364.1428571428571, y: 489.42857142857144 } }
vscode <- drawio: { event: "cursorChanged", position: { x: 364.1428571428571, y: 488.8571428571429 } }
vscode <- drawio: { event: "cursorChanged", position: { x: 364.71428571428567, y: 488.8571428571429 } }
vscode <- drawio: { event: "cursorChanged", position: { x: 364.71428571428567, y: 488.28571428571433 } }
vscode <- drawio: { event: "cursorChanged", position: { x: 365.28571428571433, y: 488.28571428571433 } }
vscode <- drawio: { event: "cursorChanged", position: { x: 365.8571428571429, y: 487.71428571428567 } }
vscode <- drawio: { event: "cursorChanged", position: { x: 366.42857142857144, y: 487.1428571428571 } }
vscode <- drawio: { event: "cursorChanged", position: { x: 367, y: 487.1428571428571 } }
vscode <- drawio: { event: "cursorChanged", position: { x: 367, y: 486 } }
vscode <- drawio: { event: "cursorChanged", position: { x: 367.57142857142856, y: 486 } }
vscode <- drawio: { event: "cursorChanged", position: { x: 367.57142857142856, y: 485.42857142857144 } }
vscode <- drawio: { event: "cursorChanged", position: { x: 368.1428571428571, y: 485.42857142857144 } }
vscode <- drawio: { event: "cursorChanged", position: { x: 368.71428571428567, y: 485.42857142857144 } }
vscode <- drawio: { event: "cursorChanged", position: { x: 368.71428571428567, y: 484.8571428571429 } }
vscode <- drawio: { event: "cursorChanged", position: { x: 369.28571428571433, y: 484.8571428571429 } }
vscode <- drawio: { event: "cursorChanged", position: { x: 369.8571428571429, y: 484.8571428571429 } }
vscode <- drawio: { event: "autosave", pageVisible: true, translate: { x: 517, y: 462 }, bounds: { x: 1218.875, ... }, ... }
vscode <- drawio: { event: "selectedCellsChanged", selectedCellIds: [ "3" ] }
vscode <- drawio: { event: "cursorChanged", position: { x: 369.28571428571433, y: 484.8571428571429 } }
vscode <- drawio: { event: "cursorChanged", position: { x: 365.28571428571433, y: 483.71428571428567 } }
vscode <- drawio: { event: "cursorChanged", position: { x: 359, y: 482.57142857142856 } }
vscode <- drawio: { event: "cursorChanged", position: { x: 353.28571428571433, y: 481.42857142857144 } }
vscode <- drawio: { event: "cursorChanged", position: { x: 340.71428571428567, y: 480.28571428571433 } }
vscode <- drawio: { event: "cursorChanged", position: { x: 335, y: 480.28571428571433 } }
vscode <- drawio: { event: "cursorChanged", position: { x: 333.8571428571429, y: 479.71428571428567 } }
vscode <- drawio: { event: "cursorChanged", position: { x: 331.57142857142856, y: 479.71428571428567 } }
vscode <- drawio: { event: "cursorChanged", position: { x: 329.8571428571429, y: 480.28571428571433 } }
vscode <- drawio: { event: "cursorChanged", position: { x: 328.71428571428567, y: 480.8571428571429 } }
vscode <- drawio: { event: "cursorChanged", position: { x: 326.42857142857144, y: 482.57142857142856 } }
vscode <- drawio: { event: "cursorChanged", position: { x: 324.1428571428571, y: 483.1428571428571 } }
vscode <- drawio: { event: "cursorChanged", position: { x: 321.8571428571429, y: 483.71428571428567 } }
vscode <- drawio: { event: "cursorChanged", position: { x: 319.57142857142856, y: 485.42857142857144 } }
vscode <- drawio: { event: "cursorChanged", position: { x: 317.28571428571433, y: 486 } }
vscode <- drawio: { event: "cursorChanged", position: { x: 313.8571428571429, y: 488.28571428571433 } }
vscode <- drawio: { event: "cursorChanged", position: { x: 310.42857142857144, y: 490 } }
vscode <- drawio: { event: "cursorChanged", position: { x: 307, y: 490.57142857142856 } }
vscode <- drawio: { event: "cursorChanged", position: { x: 303.57142857142856, y: 492.8571428571429 } }
vscode <- drawio: { event: "cursorChanged", position: { x: 300.71428571428567, y: 494.57142857142856 } }
vscode <- drawio: { event: "cursorChanged", position: { x: 297.28571428571433, y: 496.28571428571433 } }
vscode <- drawio: { event: "cursorChanged", position: { x: 292.71428571428567, y: 498 } }
vscode <- drawio: { event: "cursorChanged", position: { x: 289.8571428571429, y: 500.28571428571433 } }
vscode <- drawio: { event: "cursorChanged", position: { x: 286.42857142857144, y: 502 } }
vscode <- drawio: { event: "cursorChanged", position: { x: 283, y: 503.71428571428567 } }
vscode <- drawio: { event: "cursorChanged", position: { x: 280.71428571428567, y: 505.42857142857144 } }
vscode <- drawio: { event: "cursorChanged", position: { x: 277.8571428571429, y: 507.1428571428571 } }
vscode <- drawio: { event: "cursorChanged", position: { x: 276.1428571428571, y: 508.28571428571433 } }
vscode <- drawio: { event: "cursorChanged", position: { x: 275.57142857142856, y: 508.28571428571433 } }
vscode <- drawio: { event: "cursorChanged", position: { x: 275, y: 510 } }
vscode <- drawio: { event: "cursorChanged", position: { x: 274.42857142857144, y: 510.57142857142856 } }
vscode <- drawio: { event: "cursorChanged", position: { x: 273.28571428571433, y: 511.1428571428571 } }
vscode <- drawio: { event: "cursorChanged", position: { x: 272.71428571428567, y: 511.71428571428567 } }
vscode <- drawio: { event: "cursorChanged", position: { x: 272.71428571428567, y: 512.2857142857143 } }
vscode <- drawio: { event: "cursorChanged", position: { x: 272.71428571428567, y: 511.71428571428567 } }
vscode <- drawio: { event: "cursorChanged", position: { x: 273.28571428571433, y: 511.71428571428567 } }
vscode <- drawio: { event: "cursorChanged", position: { x: 273.28571428571433, y: 511.1428571428571 } }
vscode <- drawio: { event: "cursorChanged", position: { x: 273.8571428571429, y: 511.1428571428571 } }
vscode <- drawio: { event: "cursorChanged", position: { x: 274.42857142857144, y: 511.1428571428571 } }
vscode <- drawio: { event: "cursorChanged", position: { x: 274.42857142857144, y: 510.57142857142856 } }
vscode <- drawio: { event: "cursorChanged", position: { x: 275, y: 510.57142857142856 } }
vscode <- drawio: { event: "cursorChanged", position: { x: 275.57142857142856, y: 510.57142857142856 } }
vscode <- drawio: { event: "cursorChanged", position: { x: 275.57142857142856, y: 510 } }
vscode <- drawio: { event: "cursorChanged", position: { x: 276.1428571428571, y: 510 } }
vscode <- drawio: { event: "cursorChanged", position: { x: 277.8571428571429, y: 509.42857142857144 } }
vscode <- drawio: { event: "cursorChanged", position: { x: 278.42857142857144, y: 509.42857142857144 } }
vscode <- drawio: { event: "cursorChanged", position: { x: 279, y: 509.42857142857144 } }
vscode <- drawio: { event: "cursorChanged", position: { x: 280.1428571428571, y: 508.8571428571429 } }
vscode <- drawio: { event: "cursorChanged", position: { x: 280.71428571428567, y: 508.8571428571429 } }
vscode <- drawio: { event: "cursorChanged", position: { x: 281.28571428571433, y: 508.28571428571433 } }
vscode <- drawio: { event: "cursorChanged", position: { x: 281.8571428571429, y: 508.28571428571433 } }
vscode <- drawio: { event: "cursorChanged", position: { x: 283, y: 507.71428571428567 } }
vscode <- drawio: { event: "cursorChanged", position: { x: 283.57142857142856, y: 507.71428571428567 } }
vscode <- drawio: { event: "cursorChanged", position: { x: 284.1428571428571, y: 507.1428571428571 } }
vscode <- drawio: { event: "cursorChanged", position: { x: 284.71428571428567, y: 507.1428571428571 } }
vscode <- drawio: { event: "cursorChanged", position: { x: 285.28571428571433, y: 506.57142857142856 } }
vscode <- drawio: { event: "cursorChanged", position: { x: 285.8571428571429, y: 506.57142857142856 } }
vscode <- drawio: { event: "cursorChanged", position: { x: 286.42857142857144, y: 506.57142857142856 } }
vscode <- drawio: { event: "cursorChanged", position: { x: 286.42857142857144, y: 506 } }
vscode <- drawio: { event: "cursorChanged", position: { x: 287.57142857142856, y: 506 } }
vscode <- drawio: { event: "cursorChanged", position: { x: 287.57142857142856, y: 505.42857142857144 } }
vscode <- drawio: { event: "cursorChanged", position: { x: 288.71428571428567, y: 505.42857142857144 } }
vscode <- drawio: { event: "cursorChanged", position: { x: 289.28571428571433, y: 505.42857142857144 } }
vscode <- drawio: { event: "cursorChanged", position: { x: 289.8571428571429, y: 505.42857142857144 } }
vscode <- drawio: { event: "save", pageVisible: true, translate: { x: 517, y: 462 }, bounds: { x: 1218.875, y: 1288.875, ... }, ... }
vscode <- drawio: { event: "cursorChanged", position: { x: 289.8571428571429, y: 504.8571428571429 } }
vscode <- drawio: { event: "cursorChanged", position: { x: 289.28571428571433, y: 504.28571428571433 } }
vscode <- drawio: { event: "cursorChanged", position: { x: 288.71428571428567, y: 504.28571428571433 } }
vscode <- drawio: { event: "cursorChanged", position: { x: 288.1428571428571, y: 503.71428571428567 } }
vscode <- drawio: { event: "cursorChanged", position: { x: 287.57142857142856, y: 503.71428571428567 } }
vscode <- drawio: { event: "cursorChanged", position: { x: 287.57142857142856, y: 503.1428571428571 } }
vscode <- drawio: { event: "cursorChanged", position: { x: 287, y: 503.1428571428571 } }
vscode <- drawio: { event: "cursorChanged", position: { x: 286.42857142857144, y: 503.1428571428571 } }
vscode <- drawio: { event: "cursorChanged", position: { x: 286.42857142857144, y: 502.57142857142856 } }
vscode <- drawio: { event: "cursorChanged", position: { x: 285.8571428571429, y: 502 } }
vscode <- drawio: { event: "cursorChanged", position: { x: 285.8571428571429, y: 501.42857142857144 } }
vscode <- drawio: { event: "cursorChanged", position: { x: 285.28571428571433, y: 501.42857142857144 } }
vscode <- drawio: { event: "cursorChanged", position: { x: 285.28571428571433, y: 500.8571428571429 } }
vscode <- drawio: { event: "cursorChanged", position: { x: 284.71428571428567, y: 500.8571428571429 } }
vscode <- drawio: { event: "cursorChanged", position: { x: 284.71428571428567, y: 500.28571428571433 } }
vscode <- drawio: { event: "cursorChanged", position: { x: 284.1428571428571, y: 499.71428571428567 } }
vscode <- drawio: { event: "cursorChanged", position: { x: 284.1428571428571, y: 499.1428571428571 } }
vscode <- drawio: { event: "cursorChanged", position: { x: 283.57142857142856, y: 498.57142857142856 } }
vscode <- drawio: { event: "cursorChanged", position: { x: 283.57142857142856, y: 498 } }
vscode <- drawio: { event: "cursorChanged", position: { x: 283, y: 498 } }
vscode <- drawio: { event: "cursorChanged", position: { x: 283, y: 497.42857142857144 } }
vscode <- drawio: { event: "cursorChanged", position: { x: 283, y: 496.8571428571429 } }
vscode <- drawio: { event: "cursorChanged", position: { x: 282.42857142857144, y: 496.8571428571429 } }
vscode <- drawio: { event: "cursorChanged", position: { x: 282.42857142857144, y: 496.28571428571433 } }
vscode <- drawio: { event: "cursorChanged", position: { x: 282.42857142857144, y: 495.71428571428567 } }
vscode <- drawio: { event: "cursorChanged", position: { x: 282.42857142857144, y: 495.1428571428571 } }
vscode <- drawio: { event: "cursorChanged", position: { x: 282.42857142857144, y: 494.57142857142856 } }
vscode <- drawio: { event: "cursorChanged", position: { x: 282.42857142857144, y: 494 } }
vscode <- drawio: { event: "cursorChanged", position: { x: 282.42857142857144, y: 493.42857142857144 } }
vscode <- drawio: { event: "cursorChanged", position: { x: 282.42857142857144, y: 492.8571428571429 } }
vscode <- drawio: { event: "cursorChanged", position: { x: 283, y: 492.8571428571429 } }
vscode <- drawio: { event: "cursorChanged", position: { x: 283, y: 492.28571428571433 } }
vscode <- drawio: { event: "cursorChanged", position: { x: 283.57142857142856, y: 491.71428571428567 } }
vscode <- drawio: { event: "cursorChanged", position: { x: 283.57142857142856, y: 491.1428571428571 } }
vscode <- drawio: { event: "cursorChanged", position: { x: 284.71428571428567, y: 491.1428571428571 } }
vscode <- drawio: { event: "cursorChanged", position: { x: 285.28571428571433, y: 490.57142857142856 } }
vscode <- drawio: { event: "cursorChanged", position: { x: 285.8571428571429, y: 490.57142857142856 } }
vscode <- drawio: { event: "cursorChanged", position: { x: 286.42857142857144, y: 490.57142857142856 } }
vscode <- drawio: { event: "cursorChanged", position: { x: 286.42857142857144, y: 490 } }
vscode <- drawio: { event: "cursorChanged", position: { x: 287, y: 490 } }
vscode <- drawio: { event: "cursorChanged", position: { x: 287.57142857142856, y: 490 } }
vscode <- drawio: { event: "cursorChanged", position: { x: 272.1428571428571, y: 490 } }
vscode <- drawio: { event: "cursorChanged", position: { x: 252.1428571428571, y: 490 } }
vscode <- drawio: { event: "cursorChanged", position: { x: 224.71428571428567, y: 490 } }
vscode <- drawio: { event: "cursorChanged", position: { x: 221.8571428571429, y: 489.42857142857144 } }
vscode <- drawio: { event: "cursorChanged", position: { x: 221.8571428571429, y: 488.8571428571429 } }
vscode <- drawio: { event: "cursorChanged", position: { x: 221.8571428571429, y: 488.28571428571433 } }
vscode <- drawio: { event: "cursorChanged", position: { x: 222.42857142857144, y: 487.71428571428567 } }
vscode <- drawio: { event: "cursorChanged", position: { x: 222.42857142857144, y: 487.1428571428571 } }
vscode <- drawio: { event: "cursorChanged", position: { x: 222.42857142857144, y: 486.57142857142856 } }
vscode <- drawio: { event: "cursorChanged", position: { x: 223, y: 486 } }
vscode <- drawio: { event: "cursorChanged", position: { x: 223, y: 484.8571428571429 } }
vscode <- drawio: { event: "cursorChanged", position: { x: 223, y: 484.28571428571433 } }
vscode <- drawio: { event: "cursorChanged", position: { x: 223.57142857142856, y: 483.71428571428567 } }
vscode <- drawio: { event: "cursorChanged", position: { x: 223.57142857142856, y: 483.1428571428571 } }
vscode <- drawio: { event: "cursorChanged", position: { x: 223.57142857142856, y: 482.57142857142856 } }
vscode <- drawio: { event: "cursorChanged", position: { x: 224.1428571428571, y: 482 } }
vscode <- drawio: { event: "cursorChanged", position: { x: 224.1428571428571, y: 481.42857142857144 } }
vscode <- drawio: { event: "cursorChanged", position: { x: 224.71428571428567, y: 481.42857142857144 } }
vscode <- drawio: { event: "cursorChanged", position: { x: 225.28571428571433, y: 344.28571428571433 } }
vscode <- drawio: { event: "cursorChanged", position: { x: 225.8571428571429, y: 344.28571428571433 } }
vscode <- drawio: { event: "cursorChanged", position: { x: 226.42857142857144, y: 344.8571428571429 } }
vscode <- drawio: { event: "cursorChanged", position: { x: 229.28571428571433, y: 344.8571428571429 } }
vscode <- drawio: { event: "cursorChanged", position: { x: 255.57142857142856, y: 340.28571428571433 } }
vscode <- drawio: { event: "cursorChanged", position: { x: 279.57142857142856, y: 333.42857142857144 } }
vscode <- drawio: { event: "cursorChanged", position: { x: 309.28571428571433, y: 324.28571428571433 } }
vscode <- drawio: { event: "cursorChanged", position: { x: 348.1428571428571, y: 310.57142857142856 } }
vscode <- drawio: { event: "cursorChanged", position: { x: 389.28571428571433, y: 293.42857142857144 } }
vscode <- drawio: { event: "cursorChanged", position: { x: 432.71428571428567, y: 272.8571428571429 } }
vscode <- drawio: { event: "cursorChanged", position: { x: 483, y: 245.42857142857144 } }
vscode <- drawio: { event: "cursorChanged", position: { x: 517.2857142857142, y: 226 } }
vscode <- drawio: { event: "cursorChanged", position: { x: 560.7142857142858, y: 197.42857142857144 } }
vscode <- drawio: { event: "cursorChanged", position: { x: 589.2857142857142, y: 178 } }
vscode <- drawio: { event: "cursorChanged", position: { x: 620.1428571428571, y: 154 } }
vscode <- drawio: { event: "cursorChanged", position: { x: 644.1428571428571, y: 135.71428571428567 } }
vscode <- drawio: { event: "cursorChanged", position: { x: 661.2857142857142, y: 123.14285714285711 } }
vscode <- drawio: { event: "focusChanged", hasFocus: false }
vscode <- drawio: { event: "cursorChanged", position: { x: 624.1428571428571, y: 120.85714285714289 } }
vscode <- drawio: { event: "cursorChanged", position: { x: 625.2857142857142, y: 124.28571428571433 } }
vscode <- drawio: { event: "cursorChanged", position: { x: 625.2857142857142, y: 130 } }
vscode <- drawio: { event: "cursorChanged", position: { x: 625.2857142857142, y: 134 } }
vscode <- drawio: { event: "cursorChanged", position: { x: 625.2857142857142, y: 139.71428571428567 } }
vscode <- drawio: { event: "cursorChanged", position: { x: 623, y: 144.8571428571429 } }
vscode <- drawio: { event: "cursorChanged", position: { x: 621.8571428571429, y: 150.57142857142856 } }
vscode <- drawio: { event: "cursorChanged", position: { x: 620.1428571428571, y: 154.57142857142856 } }
vscode <- drawio: { event: "cursorChanged", position: { x: 616.7142857142858, y: 160.8571428571429 } }
vscode <- drawio: { event: "cursorChanged", position: { x: 613.8571428571429, y: 164.8571428571429 } }
vscode <- drawio: { event: "cursorChanged", position: { x: 611, y: 168.8571428571429 } }
vscode <- drawio: { event: "cursorChanged", position: { x: 608.1428571428571, y: 172.28571428571433 } }
vscode <- drawio: { event: "cursorChanged", position: { x: 605.8571428571429, y: 176.28571428571433 } }
vscode <- drawio: { event: "cursorChanged", position: { x: 604.7142857142858, y: 179.71428571428567 } }
vscode <- drawio: { event: "cursorChanged", position: { x: 604.7142857142858, y: 180.8571428571429 } }
vscode <- drawio: { event: "cursorChanged", position: { x: 604.1428571428571, y: 183.1428571428571 } }
vscode <- drawio: { event: "cursorChanged", position: { x: 604.1428571428571, y: 184.28571428571433 } }
vscode <- drawio: { event: "cursorChanged", position: { x: 604.1428571428571, y: 185.42857142857144 } }
vscode <- drawio: { event: "cursorChanged", position: { x: 604.1428571428571, y: 186 } }
vscode <- drawio: { event: "cursorChanged", position: { x: 604.1428571428571, y: 186.57142857142856 } }
vscode <- drawio: { event: "cursorChanged", position: { x: 604.1428571428571, y: 187.1428571428571 } }
vscode <- drawio: { event: "cursorChanged", position: { x: 604.7142857142858, y: 187.1428571428571 } }
vscode <- drawio: { event: "cursorChanged", position: { x: 605.2857142857142, y: 187.1428571428571 } }
vscode <- drawio: { event: "cursorChanged", position: { x: 605.2857142857142, y: 187.71428571428567 } }
vscode <- drawio: { event: "cursorChanged", position: { x: 605.8571428571429, y: 187.71428571428567 } }
vscode <- drawio: { event: "cursorChanged", position: { x: 606.4285714285713, y: 187.71428571428567 } }
vscode <- drawio: { event: "focusChanged", hasFocus: true }
vscode <- drawio: { event: "cursorChanged", position: { x: 607, y: 188.28571428571433 } }
vscode <- drawio: { event: "cursorChanged", position: { x: 607.5714285714287, y: 188.28571428571433 } }
vscode <- drawio: { event: "selectedRectangleChanged" }
vscode <- drawio: { event: "selectedCellsChanged", selectedCellIds: [  ] }
vscode <- drawio: { event: "cursorChanged", position: { x: 607.5714285714287, y: 188.28571428571433 } }
vscode <- drawio: { event: "cursorChanged", position: { x: 659.5714285714287, y: 378.57142857142856 } }
vscode <- drawio: { event: "cursorChanged", position: { x: 659.5714285714287, y: 378.57142857142856 } }
vscode <- drawio: { event: "cursorChanged", position: { x: 659.5714285714287, y: 378.57142857142856 } }
vscode <- drawio: { event: "cursorChanged", position: { x: 659.5714285714287, y: 378.57142857142856 } }
vscode <- drawio: { event: "focusChanged", hasFocus: false }
vscode <- drawio: { event: "focusChanged", hasFocus: true }
vscode <- drawio: { event: "cursorChanged", position: { x: 596.7142857142858, y: 419.71428571428567 } }
vscode <- drawio: { event: "focusChanged", hasFocus: false }
vscode <- drawio: { event: "cursorChanged", position: { x: 596.7142857142858, y: 419.71428571428567 } }
vscode <- drawio: { event: "focusChanged", hasFocus: true }
vscode <- drawio: { event: "cursorChanged", position: { x: 440.71428571428567, y: 341.42857142857144 } }
vscode <- drawio: { event: "cursorChanged", position: { x: 596.7142857142858, y: 418.57142857142856 } }
vscode <- drawio: { event: "cursorChanged", position: { x: 592.1428571428571, y: 408.28571428571433 } }
vscode <- drawio: { event: "cursorChanged", position: { x: 575, y: 370.57142857142856 } }
vscode <- drawio: { event: "cursorChanged", position: { x: 556.7142857142858, y: 334 } }
vscode <- drawio: { event: "cursorChanged", position: { x: 537.8571428571429, y: 297.42857142857144 } }
vscode <- drawio: { event: "cursorChanged", position: { x: 521.8571428571429, y: 270.57142857142856 } }
vscode <- drawio: { event: "cursorChanged", position: { x: 509.2857142857142, y: 250.57142857142856 } }
vscode <- drawio: { event: "cursorChanged", position: { x: 508.7142857142858, y: 246 } }
vscode <- drawio: { event: "cursorChanged", position: { x: 506.42857142857144, y: 243.71428571428567 } }
vscode <- drawio: { event: "cursorChanged", position: { x: 504.71428571428567, y: 240.28571428571433 } }
vscode <- drawio: { event: "cursorChanged", position: { x: 504.1428571428571, y: 237.42857142857144 } }
vscode <- drawio: { event: "cursorChanged", position: { x: 503, y: 235.71428571428567 } }
vscode <- drawio: { event: "cursorChanged", position: { x: 502.42857142857144, y: 235.1428571428571 } }
vscode <- drawio: { event: "cursorChanged", position: { x: 501.8571428571429, y: 234.57142857142856 } }
vscode <- drawio: { event: "cursorChanged", position: { x: 501.28571428571433, y: 234.57142857142856 } }
vscode <- drawio: { event: "cursorChanged", position: { x: 499, y: 234 } }
vscode <- drawio: { event: "cursorChanged", position: { x: 494.42857142857144, y: 232.8571428571429 } }
vscode <- drawio: { event: "cursorChanged", position: { x: 487, y: 230.57142857142856 } }
vscode <- drawio: { event: "cursorChanged", position: { x: 479.57142857142856, y: 228.28571428571433 } }
vscode <- drawio: { event: "cursorChanged", position: { x: 471, y: 225.42857142857144 } }
vscode <- drawio: { event: "cursorChanged", position: { x: 461.8571428571429, y: 223.1428571428571 } }
vscode <- drawio: { event: "cursorChanged", position: { x: 452.1428571428571, y: 222 } }
vscode <- drawio: { event: "cursorChanged", position: { x: 438.42857142857144, y: 219.71428571428567 } }
vscode <- drawio: { event: "cursorChanged", position: { x: 425.8571428571429, y: 218.57142857142856 } }
vscode <- drawio: { event: "cursorChanged", position: { x: 413.28571428571433, y: 216.28571428571433 } }
vscode <- drawio: { event: "cursorChanged", position: { x: 399.57142857142856, y: 212.8571428571429 } }
vscode <- drawio: { event: "cursorChanged", position: { x: 382.42857142857144, y: 208.28571428571433 } }
vscode <- drawio: { event: "cursorChanged", position: { x: 367.57142857142856, y: 202.57142857142856 } }
vscode <- drawio: { event: "cursorChanged", position: { x: 352.71428571428567, y: 196.8571428571429 } }
vscode <- drawio: { event: "cursorChanged", position: { x: 336.71428571428567, y: 192.28571428571433 } }
vscode <- drawio: { event: "cursorChanged", position: { x: 320.71428571428567, y: 187.71428571428567 } }
vscode <- drawio: { event: "cursorChanged", position: { x: 301.28571428571433, y: 183.1428571428571 } }
vscode <- drawio: { event: "cursorChanged", position: { x: 281.8571428571429, y: 178.57142857142856 } }
vscode <- drawio: { event: "cursorChanged", position: { x: 263.57142857142856, y: 175.1428571428571 } }
vscode <- drawio: { event: "cursorChanged", position: { x: 251, y: 172.8571428571429 } }
vscode <- drawio: { event: "cursorChanged", position: { x: 237.8571428571429, y: 170.57142857142856 } }
vscode <- drawio: { event: "cursorChanged", position: { x: 235.57142857142856, y: 169.42857142857144 } }
vscode <- drawio: { event: "cursorChanged", position: { x: 235.57142857142856, y: 170.57142857142856 } }
vscode <- drawio: { event: "cursorChanged", position: { x: 235.57142857142856, y: 171.71428571428567 } }
vscode <- drawio: { event: "cursorChanged", position: { x: 236.71428571428567, y: 175.71428571428567 } }
vscode <- drawio: { event: "cursorChanged", position: { x: 237.8571428571429, y: 181.42857142857144 } }
vscode <- drawio: { event: "cursorChanged", position: { x: 240.1428571428571, y: 190.57142857142856 } }
vscode <- drawio: { event: "cursorChanged", position: { x: 241.28571428571433, y: 198 } }
vscode <- drawio: { event: "cursorChanged", position: { x: 243, y: 207.1428571428571 } }
vscode <- drawio: { event: "cursorChanged", position: { x: 244.1428571428571, y: 216.28571428571433 } }
vscode <- drawio: { event: "cursorChanged", position: { x: 246.42857142857144, y: 226 } }
vscode <- drawio: { event: "cursorChanged", position: { x: 249.8571428571429, y: 236.28571428571433 } }
vscode <- drawio: { event: "cursorChanged", position: { x: 254.42857142857144, y: 248.8571428571429 } }
vscode <- drawio: { event: "cursorChanged", position: { x: 259, y: 261.42857142857144 } }
vscode <- drawio: { event: "cursorChanged", position: { x: 262.42857142857144, y: 269.42857142857144 } }
vscode <- drawio: { event: "cursorChanged", position: { x: 265.8571428571429, y: 280.28571428571433 } }
vscode <- drawio: { event: "cursorChanged", position: { x: 269.28571428571433, y: 287.1428571428571 } }
vscode <- drawio: { event: "cursorChanged", position: { x: 272.71428571428567, y: 296.8571428571429 } }
vscode <- drawio: { event: "cursorChanged", position: { x: 274.42857142857144, y: 302 } }
vscode <- drawio: { event: "cursorChanged", position: { x: 276.71428571428567, y: 306 } }
vscode <- drawio: { event: "cursorChanged", position: { x: 278.42857142857144, y: 308.8571428571429 } }
vscode <- drawio: { event: "cursorChanged", position: { x: 279.57142857142856, y: 310.57142857142856 } }
vscode <- drawio: { event: "cursorChanged", position: { x: 280.1428571428571, y: 311.1428571428571 } }
vscode <- drawio: { event: "cursorChanged", position: { x: 281.8571428571429, y: 311.71428571428567 } }
vscode <- drawio: { event: "cursorChanged", position: { x: 283, y: 312.28571428571433 } }
vscode <- drawio: { event: "cursorChanged", position: { x: 284.1428571428571, y: 312.8571428571429 } }
vscode <- drawio: { event: "cursorChanged", position: { x: 285.28571428571433, y: 313.42857142857144 } }
vscode <- drawio: { event: "cursorChanged", position: { x: 287, y: 313.42857142857144 } }
vscode <- drawio: { event: "cursorChanged", position: { x: 289.28571428571433, y: 313.42857142857144 } }
vscode <- drawio: { event: "cursorChanged", position: { x: 292.1428571428571, y: 313.42857142857144 } }
vscode <- drawio: { event: "cursorChanged", position: { x: 294.42857142857144, y: 313.42857142857144 } }
vscode <- drawio: { event: "cursorChanged", position: { x: 297.8571428571429, y: 312.8571428571429 } }
vscode <- drawio: { event: "cursorChanged", position: { x: 300.1428571428571, y: 311.71428571428567 } }
vscode <- drawio: { event: "cursorChanged", position: { x: 303.57142857142856, y: 310 } }
vscode <- drawio: { event: "cursorChanged", position: { x: 306.42857142857144, y: 308.8571428571429 } }
vscode <- drawio: { event: "cursorChanged", position: { x: 308.71428571428567, y: 307.1428571428571 } }
vscode <- drawio: { event: "cursorChanged", position: { x: 310.42857142857144, y: 305.42857142857144 } }
vscode <- drawio: { event: "cursorChanged", position: { x: 312.1428571428571, y: 304.8571428571429 } }
vscode <- drawio: { event: "cursorChanged", position: { x: 313.28571428571433, y: 303.1428571428571 } }
vscode <- drawio: { event: "cursorChanged", position: { x: 313.8571428571429, y: 302.57142857142856 } }
vscode <- drawio: { event: "cursorChanged", position: { x: 315, y: 302 } }
vscode <- drawio: { event: "cursorChanged", position: { x: 315.57142857142856, y: 301.42857142857144 } }
vscode <- drawio: { event: "cursorChanged", position: { x: 316.71428571428567, y: 301.42857142857144 } }
vscode <- drawio: { event: "cursorChanged", position: { x: 316.71428571428567, y: 300.8571428571429 } }
vscode <- drawio: { event: "cursorChanged", position: { x: 317.28571428571433, y: 300.8571428571429 } }
vscode <- drawio: { event: "cursorChanged", position: { x: 317.28571428571433, y: 300.28571428571433 } }
vscode <- drawio: { event: "cursorChanged", position: { x: 317.8571428571429, y: 300.28571428571433 } }
vscode <- drawio: { event: "cursorChanged", position: { x: 318.42857142857144, y: 300.28571428571433 } }
vscode <- drawio: { event: "cursorChanged", position: { x: 319, y: 300.8571428571429 } }
vscode <- drawio: { event: "cursorChanged", position: { x: 319.57142857142856, y: 301.42857142857144 } }
vscode <- drawio: { event: "cursorChanged", position: { x: 321.28571428571433, y: 304.8571428571429 } }
vscode <- drawio: { event: "cursorChanged", position: { x: 322.42857142857144, y: 306.57142857142856 } }
vscode <- drawio: { event: "cursorChanged", position: { x: 324.71428571428567, y: 309.42857142857144 } }
vscode <- drawio: { event: "cursorChanged", position: { x: 326.42857142857144, y: 311.71428571428567 } }
vscode <- drawio: { event: "cursorChanged", position: { x: 328.71428571428567, y: 315.1428571428571 } }
vscode <- drawio: { event: "cursorChanged", position: { x: 330.42857142857144, y: 316.28571428571433 } }
vscode <- drawio: { event: "cursorChanged", position: { x: 331, y: 316.8571428571429 } }
vscode <- drawio: { event: "cursorChanged", position: { x: 332.71428571428567, y: 318 } }
vscode <- drawio: { event: "cursorChanged", position: { x: 333.8571428571429, y: 318.57142857142856 } }
vscode <- drawio: { event: "cursorChanged", position: { x: 335, y: 319.71428571428567 } }
vscode <- drawio: { event: "cursorChanged", position: { x: 335.57142857142856, y: 319.71428571428567 } }
vscode <- drawio: { event: "cursorChanged", position: { x: 336.1428571428571, y: 319.71428571428567 } }
vscode <- drawio: { event: "cursorChanged", position: { x: 336.71428571428567, y: 319.71428571428567 } }
vscode <- drawio: { event: "cursorChanged", position: { x: 337.28571428571433, y: 319.71428571428567 } }
vscode <- drawio: { event: "cursorChanged", position: { x: 337.28571428571433, y: 320.28571428571433 } }
vscode <- drawio: { event: "cursorChanged", position: { x: 337.8571428571429, y: 320.28571428571433 } }
vscode <- drawio: { event: "cursorChanged", position: { x: 338.42857142857144, y: 320.28571428571433 } }
vscode <- drawio: { event: "cursorChanged", position: { x: 339, y: 320.28571428571433 } }
vscode <- drawio: { event: "cursorChanged", position: { x: 339.57142857142856, y: 320.28571428571433 } }
vscode <- drawio: { event: "cursorChanged", position: { x: 340.1428571428571, y: 320.28571428571433 } }
vscode <- drawio: { event: "cursorChanged", position: { x: 340.71428571428567, y: 320.28571428571433 } }
vscode <- drawio: { event: "cursorChanged", position: { x: 341.28571428571433, y: 320.28571428571433 } }
vscode <- drawio: { event: "cursorChanged", position: { x: 341.28571428571433, y: 319.71428571428567 } }
vscode <- drawio: { event: "cursorChanged", position: { x: 341.8571428571429, y: 319.71428571428567 } }
vscode <- drawio: { event: "cursorChanged", position: { x: 341.8571428571429, y: 319.1428571428571 } }
vscode <- drawio: { event: "cursorChanged", position: { x: 342.42857142857144, y: 318.57142857142856 } }
vscode <- drawio: { event: "cursorChanged", position: { x: 343, y: 318.57142857142856 } }
vscode <- drawio: { event: "cursorChanged", position: { x: 343.57142857142856, y: 318 } }
vscode <- drawio: { event: "cursorChanged", position: { x: 344.71428571428567, y: 316.8571428571429 } }
vscode <- drawio: { event: "cursorChanged", position: { x: 345.28571428571433, y: 316.28571428571433 } }
vscode <- drawio: { event: "cursorChanged", position: { x: 345.8571428571429, y: 316.28571428571433 } }
vscode <- drawio: { event: "cursorChanged", position: { x: 346.42857142857144, y: 316.28571428571433 } }
vscode <- drawio: { event: "cursorChanged", position: { x: 347, y: 315.71428571428567 } }
vscode <- drawio: { event: "cursorChanged", position: { x: 347.57142857142856, y: 315.71428571428567 } }
vscode <- drawio: { event: "cursorChanged", position: { x: 348.1428571428571, y: 315.71428571428567 } }
vscode <- drawio: { event: "cursorChanged", position: { x: 348.71428571428567, y: 315.71428571428567 } }
vscode <- drawio: { event: "cursorChanged", position: { x: 349.28571428571433, y: 315.71428571428567 } }
vscode <- drawio: { event: "cursorChanged", position: { x: 349.8571428571429, y: 315.71428571428567 } }
vscode <- drawio: { event: "cursorChanged", position: { x: 350.42857142857144, y: 315.71428571428567 } }
vscode <- drawio: { event: "cursorChanged", position: { x: 351, y: 315.71428571428567 } }
vscode <- drawio: { event: "cursorChanged", position: { x: 351.57142857142856, y: 315.71428571428567 } }
vscode <- drawio: { event: "cursorChanged", position: { x: 352.1428571428571, y: 316.28571428571433 } }
vscode <- drawio: { event: "cursorChanged", position: { x: 352.71428571428567, y: 316.8571428571429 } }
vscode <- drawio: { event: "cursorChanged", position: { x: 353.8571428571429, y: 316.8571428571429 } }
vscode <- drawio: { event: "cursorChanged", position: { x: 354.42857142857144, y: 318 } }
vscode <- drawio: { event: "cursorChanged", position: { x: 355.57142857142856, y: 318.57142857142856 } }
vscode <- drawio: { event: "cursorChanged", position: { x: 356.1428571428571, y: 319.1428571428571 } }
vscode <- drawio: { event: "cursorChanged", position: { x: 357.28571428571433, y: 319.1428571428571 } }
vscode <- drawio: { event: "cursorChanged", position: { x: 357.8571428571429, y: 319.71428571428567 } }
vscode <- drawio: { event: "cursorChanged", position: { x: 358.42857142857144, y: 319.71428571428567 } }
vscode <- drawio: { event: "cursorChanged", position: { x: 358.42857142857144, y: 320.28571428571433 } }
vscode <- drawio: { event: "cursorChanged", position: { x: 359, y: 320.28571428571433 } }
vscode <- drawio: { event: "cursorChanged", position: { x: 359.57142857142856, y: 320.8571428571429 } }
vscode <- drawio: { event: "cursorChanged", position: { x: 360.1428571428571, y: 320.8571428571429 } }
vscode <- drawio: { event: "cursorChanged", position: { x: 361.28571428571433, y: 321.42857142857144 } }
vscode <- drawio: { event: "cursorChanged", position: { x: 361.8571428571429, y: 322 } }
vscode <- drawio: { event: "cursorChanged", position: { x: 362.42857142857144, y: 322.57142857142856 } }
vscode <- drawio: { event: "cursorChanged", position: { x: 364.1428571428571, y: 322.57142857142856 } }
vscode <- drawio: { event: "cursorChanged", position: { x: 364.71428571428567, y: 323.1428571428571 } }
vscode <- drawio: { event: "cursorChanged", position: { x: 366.42857142857144, y: 323.1428571428571 } }
vscode <- drawio: { event: "cursorChanged", position: { x: 367, y: 323.71428571428567 } }
vscode <- drawio: { event: "cursorChanged", position: { x: 367.57142857142856, y: 324.28571428571433 } }
vscode <- drawio: { event: "cursorChanged", position: { x: 368.1428571428571, y: 324.28571428571433 } }
vscode <- drawio: { event: "cursorChanged", position: { x: 368.1428571428571, y: 324.8571428571429 } }
vscode <- drawio: { event: "cursorChanged", position: { x: 368.71428571428567, y: 324.8571428571429 } }
vscode <- drawio: { event: "cursorChanged", position: { x: 368.71428571428567, y: 325.42857142857144 } }
vscode <- drawio: { event: "cursorChanged", position: { x: 369.28571428571433, y: 325.42857142857144 } }
vscode <- drawio: { event: "cursorChanged", position: { x: 369.8571428571429, y: 325.42857142857144 } }
vscode <- drawio: { event: "cursorChanged", position: { x: 370.42857142857144, y: 326 } }
vscode <- drawio: { event: "cursorChanged", position: { x: 371, y: 326.57142857142856 } }
vscode <- drawio: { event: "cursorChanged", position: { x: 371.57142857142856, y: 326.57142857142856 } }
vscode <- drawio: { event: "cursorChanged", position: { x: 372.71428571428567, y: 327.1428571428571 } }
vscode <- drawio: { event: "cursorChanged", position: { x: 373.28571428571433, y: 327.71428571428567 } }
vscode <- drawio: { event: "cursorChanged", position: { x: 375, y: 328.28571428571433 } }
vscode <- drawio: { event: "cursorChanged", position: { x: 376.1428571428571, y: 328.8571428571429 } }
vscode <- drawio: { event: "cursorChanged", position: { x: 377.28571428571433, y: 329.42857142857144 } }
vscode <- drawio: { event: "cursorChanged", position: { x: 378.42857142857144, y: 329.42857142857144 } }
vscode <- drawio: { event: "cursorChanged", position: { x: 379.57142857142856, y: 330 } }
vscode <- drawio: { event: "cursorChanged", position: { x: 380.1428571428571, y: 330.57142857142856 } }
vscode <- drawio: { event: "cursorChanged", position: { x: 381.28571428571433, y: 330.57142857142856 } }
vscode <- drawio: { event: "cursorChanged", position: { x: 381.8571428571429, y: 331.1428571428571 } }
vscode <- drawio: { event: "cursorChanged", position: { x: 382.42857142857144, y: 331.1428571428571 } }
vscode <- drawio: { event: "cursorChanged", position: { x: 382.42857142857144, y: 331.71428571428567 } }
vscode <- drawio: { event: "selectedCellsChanged", selectedCellIds: [ "6" ] }
vscode <- drawio: { event: "cursorChanged", position: { x: 383, y: 331.71428571428567 } }
vscode <- drawio: { event: "selectedRectangleChanged" }
vscode <- drawio: { event: "cursorChanged", position: { x: 383, y: 332.28571428571433 } }
vscode <- drawio: { event: "cursorChanged", position: { x: 383.57142857142856, y: 332.28571428571433 } }
vscode <- drawio: { event: "cursorChanged", position: { x: 383.57142857142856, y: 332.8571428571429 } }
vscode <- drawio: { event: "cursorChanged", position: { x: 383.57142857142856, y: 333.42857142857144 } }
vscode <- drawio: { event: "cursorChanged", position: { x: 383.57142857142856, y: 334 } }
vscode <- drawio: { event: "cursorChanged", position: { x: 383.57142857142856, y: 334.57142857142856 } }
vscode <- drawio: { event: "cursorChanged", position: { x: 383.57142857142856, y: 335.1428571428571 } }
vscode <- drawio: { event: "cursorChanged", position: { x: 383.57142857142856, y: 335.71428571428567 } }
vscode <- drawio: { event: "cursorChanged", position: { x: 383.57142857142856, y: 336.28571428571433 } }
vscode <- drawio: { event: "cursorChanged", position: { x: 383.57142857142856, y: 337.42857142857144 } }
vscode <- drawio: { event: "cursorChanged", position: { x: 383.57142857142856, y: 338 } }
vscode <- drawio: { event: "cursorChanged", position: { x: 383, y: 338.57142857142856 } }
vscode <- drawio: { event: "cursorChanged", position: { x: 383, y: 339.71428571428567 } }
vscode <- drawio: { event: "cursorChanged", position: { x: 383, y: 340.28571428571433 } }
vscode <- drawio: { event: "cursorChanged", position: { x: 383, y: 340.8571428571429 } }
vscode <- drawio: { event: "cursorChanged", position: { x: 383, y: 341.42857142857144 } }
vscode <- drawio: { event: "cursorChanged", position: { x: 382.42857142857144, y: 342 } }
vscode <- drawio: { event: "cursorChanged", position: { x: 382.42857142857144, y: 342.57142857142856 } }
vscode <- drawio: { event: "cursorChanged", position: { x: 381.8571428571429, y: 342.57142857142856 } }
vscode <- drawio: { event: "cursorChanged", position: { x: 381.28571428571433, y: 342.57142857142856 } }
vscode <- drawio: { event: "cursorChanged", position: { x: 381.28571428571433, y: 343.1428571428571 } }
vscode <- drawio: { event: "cursorChanged", position: { x: 380.71428571428567, y: 343.1428571428571 } }
vscode <- drawio: { event: "cursorChanged", position: { x: 380.71428571428567, y: 342.57142857142856 } }
vscode <- drawio: { event: "cursorChanged", position: { x: 380.71428571428567, y: 342 } }
vscode <- drawio: { event: "cursorChanged", position: { x: 380.1428571428571, y: 342 } }
vscode <- drawio: { event: "cursorChanged", position: { x: 380.1428571428571, y: 341.42857142857144 } }
vscode <- drawio: { event: "cursorChanged", position: { x: 380.1428571428571, y: 340.8571428571429 } }
vscode <- drawio: { event: "cursorChanged", position: { x: 379.57142857142856, y: 340.28571428571433 } }
vscode <- drawio: { event: "cursorChanged", position: { x: 379.57142857142856, y: 339.1428571428571 } }
vscode <- drawio: { event: "cursorChanged", position: { x: 379, y: 338.57142857142856 } }
vscode <- drawio: { event: "cursorChanged", position: { x: 378.42857142857144, y: 338 } }
vscode <- drawio: { event: "cursorChanged", position: { x: 378.42857142857144, y: 336.8571428571429 } }
vscode <- drawio: { event: "cursorChanged", position: { x: 377.8571428571429, y: 336.28571428571433 } }
vscode <- drawio: { event: "cursorChanged", position: { x: 377.8571428571429, y: 335.71428571428567 } }
vscode <- drawio: { event: "cursorChanged", position: { x: 377.8571428571429, y: 335.1428571428571 } }
vscode <- drawio: { event: "cursorChanged", position: { x: 377.28571428571433, y: 335.1428571428571 } }
vscode <- drawio: { event: "cursorChanged", position: { x: 377.28571428571433, y: 334.57142857142856 } }
vscode <- drawio: { event: "cursorChanged", position: { x: 377.28571428571433, y: 334 } }
vscode <- drawio: { event: "cursorChanged", position: { x: 377.28571428571433, y: 333.42857142857144 } }
vscode <- drawio: { event: "cursorChanged", position: { x: 376.71428571428567, y: 333.42857142857144 } }
vscode <- drawio: { event: "cursorChanged", position: { x: 376.71428571428567, y: 332.8571428571429 } }
vscode <- drawio: { event: "cursorChanged", position: { x: 376.71428571428567, y: 332.28571428571433 } }
vscode <- drawio: { event: "cursorChanged", position: { x: 376.71428571428567, y: 331.71428571428567 } }
vscode <- drawio: { event: "cursorChanged", position: { x: 376.1428571428571, y: 331.71428571428567 } }
vscode <- drawio: { event: "cursorChanged", position: { x: 376.1428571428571, y: 332.28571428571433 } }
vscode <- drawio: { event: "cursorChanged", position: { x: 376.1428571428571, y: 332.8571428571429 } }
vscode <- drawio: { event: "cursorChanged", position: { x: 376.1428571428571, y: 333.42857142857144 } }
vscode <- drawio: { event: "cursorChanged", position: { x: 376.1428571428571, y: 334 } }
vscode <- drawio: { event: "cursorChanged", position: { x: 376.1428571428571, y: 334.57142857142856 } }
vscode <- drawio: { event: "cursorChanged", position: { x: 376.1428571428571, y: 335.1428571428571 } }
vscode <- drawio: { event: "cursorChanged", position: { x: 376.1428571428571, y: 335.71428571428567 } }
vscode <- drawio: { event: "cursorChanged", position: { x: 376.1428571428571, y: 335.1428571428571 } }
vscode <- drawio: { event: "cursorChanged", position: { x: 376.1428571428571, y: 334.57142857142856 } }
vscode <- drawio: { event: "cursorChanged", position: { x: 376.1428571428571, y: 334 } }
vscode <- drawio: { event: "cursorChanged", position: { x: 376.1428571428571, y: 333.42857142857144 } }
vscode <- drawio: { event: "cursorChanged", position: { x: 376.1428571428571, y: 332.8571428571429 } }
vscode <- drawio: { event: "cursorChanged", position: { x: 376.71428571428567, y: 332.8571428571429 } }
vscode <- drawio: { event: "cursorChanged", position: { x: 376.71428571428567, y: 332.28571428571433 } }
vscode <- drawio: { event: "cursorChanged", position: { x: 376.71428571428567, y: 331.71428571428567 } }
vscode <- drawio: { event: "cursorChanged", position: { x: 376.71428571428567, y: 331.1428571428571 } }
vscode <- drawio: { event: "cursorChanged", position: { x: 376.71428571428567, y: 330.57142857142856 } }
vscode <- drawio: { event: "cursorChanged", position: { x: 376.71428571428567, y: 330 } }
vscode <- drawio: { event: "cursorChanged", position: { x: 376.71428571428567, y: 329.42857142857144 } }
vscode <- drawio: { event: "cursorChanged", position: { x: 376.71428571428567, y: 328.8571428571429 } }
vscode <- drawio: { event: "cursorChanged", position: { x: 376.71428571428567, y: 328.28571428571433 } }
vscode <- drawio: { event: "cursorChanged", position: { x: 376.71428571428567, y: 327.71428571428567 } }
vscode <- drawio: { event: "cursorChanged", position: { x: 376.71428571428567, y: 327.1428571428571 } }
vscode <- drawio: { event: "cursorChanged", position: { x: 376.71428571428567, y: 326.57142857142856 } }
vscode <- drawio: { event: "focusChanged", hasFocus: false }
vscode <- drawio: { event: "focusChanged", hasFocus: true }
vscode <- drawio: { event: "cursorChanged", position: { x: 238.42857142857144, y: 330 } }
vscode <- drawio: { event: "focusChanged", hasFocus: false }
vscode <- drawio: { event: "focusChanged", hasFocus: true }
vscode <- drawio: { event: "focusChanged", hasFocus: false }
vscode <- drawio: { event: "focusChanged", hasFocus: true }
vscode <- drawio: { event: "cursorChanged", position: { x: 167.57142857142856, y: 404.8571428571429 } }
vscode <- drawio: { event: "focusChanged", hasFocus: false }
vscode <- drawio: { event: "focusChanged", hasFocus: true }
vscode <- drawio: { event: "focusChanged", hasFocus: false }
vscode <- drawio: { event: "focusChanged", hasFocus: true }
vscode <- drawio: { event: "cursorChanged", position: { x: 363, y: 377.42857142857144 } }
vscode <- drawio: { event: "focusChanged", hasFocus: false }
vscode <- drawio: { event: "cursorChanged", position: { x: 176.71428571428567, y: 375.1428571428571 } }
vscode <- drawio: { event: "focusChanged", hasFocus: true }
vscode <- drawio: { event: "focusChanged", hasFocus: false }
vscode <- drawio: { event: "cursorChanged", position: { x: 176.71428571428567, y: 375.1428571428571 } }
vscode <- drawio: { event: "focusChanged", hasFocus: true }
vscode <- drawio: { event: "focusChanged", hasFocus: false }
vscode <- drawio: { event: "focusChanged", hasFocus: true }
vscode <- drawio: { event: "focusChanged", hasFocus: false }
vscode <- drawio: { event: "focusChanged", hasFocus: true }
vscode <- drawio: { event: "focusChanged", hasFocus: false }
vscode <- drawio: { event: "focusChanged", hasFocus: true }
vscode <- drawio: { event: "focusChanged", hasFocus: false }
vscode <- drawio: { event: "focusChanged", hasFocus: true }
