2026-03-09 10:54:33.851 [info] Extension host with pid 120683 started
2026-03-09 10:54:33.895 [info] ExtensionService#_doActivateExtension vscode.github-authentication, startup: false, activationEvent: 'onAuthenticationRequest:github'
2026-03-09 10:54:33.926 [info] ExtensionService#_doActivateExtension vscode.git-base, startup: true, activationEvent: '*', root cause: vscode.git
2026-03-09 10:54:33.932 [info] ExtensionService#_doActivateExtension vscode.git, startup: true, activationEvent: '*'
2026-03-09 10:54:33.965 [info] ExtensionService#_doActivateExtension vscode.github, startup: true, activationEvent: '*'
2026-03-09 10:54:34.041 [info] Eager extensions activated
2026-03-09 10:54:34.041 [info] ExtensionService#_doActivateExtension vscode.debug-auto-launch, startup: false, activationEvent: 'onStartupFinished'
2026-03-09 10:54:34.043 [info] ExtensionService#_doActivateExtension vscode.merge-conflict, startup: false, activationEvent: 'onStartupFinished'
2026-03-09 10:54:34.268 [info] Extension host terminating: renderer closed the MessagePort
2026-03-09 10:54:34.281 [error] ProxyResolver#addCertificatesV1 Canceled: Canceled
	at new ij (file:///nix/store/v56q2gjrc389p5vpma7pb4mf5bsagpch-vscode-1.106.2/lib/vscode/resources/app/out/vs/workbench/api/node/extensionHostProcess.js:29:120021)
	at JS.U (file:///nix/store/v56q2gjrc389p5vpma7pb4mf5bsagpch-vscode-1.106.2/lib/vscode/resources/app/out/vs/workbench/api/node/extensionHostProcess.js:29:124631)
	at s.<computed>.n.charCodeAt.s.<computed> (file:///nix/store/v56q2gjrc389p5vpma7pb4mf5bsagpch-vscode-1.106.2/lib/vscode/resources/app/out/vs/workbench/api/node/extensionHostProcess.js:29:122125)
	at My.loadCertificates (file:///nix/store/v56q2gjrc389p5vpma7pb4mf5bsagpch-vscode-1.106.2/lib/vscode/resources/app/out/vs/workbench/api/node/extensionHostProcess.js:111:76705)
	at Object.loadAdditionalCertificates (file:///nix/store/v56q2gjrc389p5vpma7pb4mf5bsagpch-vscode-1.106.2/lib/vscode/resources/app/out/vs/workbench/api/node/extensionHostProcess.js:212:20586)
	at /nix/store/v56q2gjrc389p5vpma7pb4mf5bsagpch-vscode-1.106.2/lib/vscode/resources/app/node_modules/@vscode/proxy-agent/out/index.js:808:49
	at Generator.next (<anonymous>)
	at /nix/store/v56q2gjrc389p5vpma7pb4mf5bsagpch-vscode-1.106.2/lib/vscode/resources/app/node_modules/@vscode/proxy-agent/out/index.js:35:71
	at new Promise (<anonymous>)
	at __awaiter (/nix/store/v56q2gjrc389p5vpma7pb4mf5bsagpch-vscode-1.106.2/lib/vscode/resources/app/node_modules/@vscode/proxy-agent/out/index.js:31:12)
	at /nix/store/v56q2gjrc389p5vpma7pb4mf5bsagpch-vscode-1.106.2/lib/vscode/resources/app/node_modules/@vscode/proxy-agent/out/index.js:807:33
	at /nix/store/v56q2gjrc389p5vpma7pb4mf5bsagpch-vscode-1.106.2/lib/vscode/resources/app/node_modules/@vscode/proxy-agent/out/index.js:810:20
	at Generator.next (<anonymous>)
	at /nix/store/v56q2gjrc389p5vpma7pb4mf5bsagpch-vscode-1.106.2/lib/vscode/resources/app/node_modules/@vscode/proxy-agent/out/index.js:35:71
	at new Promise (<anonymous>)
	at __awaiter (/nix/store/v56q2gjrc389p5vpma7pb4mf5bsagpch-vscode-1.106.2/lib/vscode/resources/app/node_modules/@vscode/proxy-agent/out/index.js:31:12)
	at getOrLoadAdditionalCertificates (/nix/store/v56q2gjrc389p5vpma7pb4mf5bsagpch-vscode-1.106.2/lib/vscode/resources/app/node_modules/@vscode/proxy-agent/out/index.js:803:12)
	at addCertificatesToOptionsV1 (/nix/store/v56q2gjrc389p5vpma7pb4mf5bsagpch-vscode-1.106.2/lib/vscode/resources/app/node_modules/@vscode/proxy-agent/out/index.js:783:9)
	at resolveProxyWithRequest (/nix/store/v56q2gjrc389p5vpma7pb4mf5bsagpch-vscode-1.106.2/lib/vscode/resources/app/node_modules/@vscode/proxy-agent/out/index.js:140:9)
	at /nix/store/v56q2gjrc389p5vpma7pb4mf5bsagpch-vscode-1.106.2/lib/vscode/resources/app/node_modules/@vscode/proxy-agent/out/index.js:372:77
	at new Promise (<anonymous>)
	at PacProxyAgent.resolveP [as resolver] (/nix/store/v56q2gjrc389p5vpma7pb4mf5bsagpch-vscode-1.106.2/lib/vscode/resources/app/node_modules/@vscode/proxy-agent/out/index.js:372:54)
	at PacProxyAgent.<anonymous> (/nix/store/v56q2gjrc389p5vpma7pb4mf5bsagpch-vscode-1.106.2/lib/vscode/resources/app/node_modules/@vscode/proxy-agent/out/agent.js:74:37)
	at Generator.next (<anonymous>)
	at /nix/store/v56q2gjrc389p5vpma7pb4mf5bsagpch-vscode-1.106.2/lib/vscode/resources/app/node_modules/@vscode/proxy-agent/out/agent.js:8:71
	at new Promise (<anonymous>)
	at __awaiter (/nix/store/v56q2gjrc389p5vpma7pb4mf5bsagpch-vscode-1.106.2/lib/vscode/resources/app/node_modules/@vscode/proxy-agent/out/agent.js:4:12)
	at PacProxyAgent.connect (/nix/store/v56q2gjrc389p5vpma7pb4mf5bsagpch-vscode-1.106.2/lib/vscode/resources/app/node_modules/@vscode/proxy-agent/out/agent.js:56:16)
	at /nix/store/v56q2gjrc389p5vpma7pb4mf5bsagpch-vscode-1.106.2/lib/vscode/resources/app/node_modules/agent-base/dist/index.js:132:30
2026-03-09 10:54:34.281 [info] Extension host with pid 120683 exiting with code 0
