2026-03-09 10:54:27.433 [info] Extension host with pid 120520 started
2026-03-09 10:54:27.433 [info] Skipping acquiring lock for /home/martijn/.config/Code/User/workspaceStorage/78816d2ce5ae689856409f46cce292c2.
2026-03-09 10:54:27.501 [info] ExtensionService#_doActivateExtension vscode.github-authentication, startup: false, activationEvent: 'onAuthenticationRequest:github'
2026-03-09 10:54:27.521 [info] ExtensionService#_doActivateExtension vscode.emmet, startup: false, activationEvent: 'onLanguage'
2026-03-09 10:54:27.560 [info] ExtensionService#_doActivateExtension vscode.git-base, startup: true, activationEvent: '*'
2026-03-09 10:54:27.564 [info] ExtensionService#_doActivateExtension vscode.github, startup: true, activationEvent: '*'
2026-03-09 10:54:27.607 [info] Eager extensions activated
2026-03-09 10:54:27.608 [info] ExtensionService#_doActivateExtension vscode.debug-auto-launch, startup: false, activationEvent: 'onStartupFinished'
2026-03-09 10:54:27.609 [info] ExtensionService#_doActivateExtension vscode.merge-conflict, startup: false, activationEvent: 'onStartupFinished'
2026-03-09 10:54:31.403 [info] ExtensionService#_doActivateExtension vscode.git, startup: false, activationEvent: 'api', root cause: vscode.github
2026-03-09 10:54:48.196 [info] Extension host terminating: renderer closed the MessagePort
2026-03-09 10:54:48.204 [info] Extension host with pid 120520 exiting with code 0
2026-03-09 10:54:48.877 [info] Extension host with pid 120909 started
2026-03-09 10:54:48.877 [info] Skipping acquiring lock for /home/martijn/.config/Code/User/workspaceStorage/b77086e09fdb56b17fbc930cbae38929.
2026-03-09 10:54:48.887 [info] ExtensionService#_doActivateExtension vscode.github-authentication, startup: false, activationEvent: 'onAuthenticationRequest:github'
2026-03-09 10:54:48.904 [info] ExtensionService#_doActivateExtension vscode.emmet, startup: false, activationEvent: 'onLanguage'
2026-03-09 10:54:48.943 [info] ExtensionService#_doActivateExtension vscode.git-base, startup: true, activationEvent: '*'
2026-03-09 10:54:48.948 [info] ExtensionService#_doActivateExtension vscode.github, startup: true, activationEvent: '*'
2026-03-09 10:54:48.993 [info] Eager extensions activated
2026-03-09 10:54:48.997 [info] ExtensionService#_doActivateExtension vscode.debug-auto-launch, startup: false, activationEvent: 'onStartupFinished'
2026-03-09 10:54:48.998 [info] ExtensionService#_doActivateExtension vscode.merge-conflict, startup: false, activationEvent: 'onStartupFinished'
2026-03-09 10:54:50.215 [info] ExtensionService#_doActivateExtension vscode.git, startup: false, activationEvent: 'api', root cause: vscode.github
2026-03-09 10:54:59.793 [info] ExtensionService#_doActivateExtension hediet.vscode-drawio, startup: false, activationEvent: 'onCustomEditor:hediet.vscode-drawio-text'
2026-03-09 10:55:01.199 [info] ExtensionService#_doActivateExtension vscode.configuration-editing, startup: false, activationEvent: 'onLanguage:jsonc'
2026-03-09 10:55:01.207 [info] ExtensionService#_doActivateExtension vscode.json-language-features, startup: false, activationEvent: 'onLanguage:jsonc'
2026-03-09 10:55:01.243 [info] ExtensionService#_doActivateExtension vscode.typescript-language-features, startup: false, activationEvent: 'onLanguage:jsonc'
2026-03-09 11:06:58.137 [info] Extension host terminating: renderer closed the MessagePort
2026-03-09 11:06:58.149 [info] Extension host with pid 120909 exiting with code 0
