2026-04-13 09:33:23.356 [info] Extension host with pid 6828 started
2026-04-13 09:33:23.356 [info] Skipping acquiring lock for /home/martijn/.config/Code/User/workspaceStorage/ece6b7b93122d2512dc4a46d9e935ea2.
2026-04-13 09:33:23.385 [info] ExtensionService#_doActivateExtension vscode.github-authentication, startup: false, activationEvent: 'onAuthenticationRequest:github'
2026-04-13 09:33:23.404 [info] ExtensionService#_doActivateExtension vscode.emmet, startup: false, activationEvent: 'onLanguage'
2026-04-13 09:33:23.446 [info] ExtensionService#_doActivateExtension vscode.git-base, startup: true, activationEvent: '*', root cause: vscode.git
2026-04-13 09:33:23.450 [info] ExtensionService#_doActivateExtension vscode.git, startup: true, activationEvent: '*'
2026-04-13 09:33:23.484 [info] ExtensionService#_doActivateExtension vscode.github, startup: true, activationEvent: '*'
2026-04-13 09:33:23.561 [info] Eager extensions activated
2026-04-13 09:33:23.581 [info] ExtensionService#_doActivateExtension vscode.debug-auto-launch, startup: false, activationEvent: 'onStartupFinished'
2026-04-13 09:33:23.583 [info] ExtensionService#_doActivateExtension vscode.merge-conflict, startup: false, activationEvent: 'onStartupFinished'
2026-04-13 09:33:36.738 [info] Extension host terminating: renderer closed the MessagePort
2026-04-13 09:33:36.745 [info] Extension host with pid 6828 exiting with code 0
2026-04-13 09:33:37.415 [info] Extension host with pid 6914 started
2026-04-13 09:33:37.415 [info] Skipping acquiring lock for /home/martijn/.config/Code/User/workspaceStorage/c18f1628cee352a217a89f83b0b241dc.
2026-04-13 09:33:37.430 [info] ExtensionService#_doActivateExtension vscode.github-authentication, startup: false, activationEvent: 'onAuthenticationRequest:github'
2026-04-13 09:33:37.448 [info] ExtensionService#_doActivateExtension vscode.emmet, startup: false, activationEvent: 'onLanguage'
2026-04-13 09:33:37.489 [info] ExtensionService#_doActivateExtension vscode.git-base, startup: true, activationEvent: '*'
2026-04-13 09:33:37.494 [info] ExtensionService#_doActivateExtension vscode.github, startup: true, activationEvent: '*'
2026-04-13 09:33:37.542 [info] Eager extensions activated
2026-04-13 09:33:37.561 [info] ExtensionService#_doActivateExtension vscode.debug-auto-launch, startup: false, activationEvent: 'onStartupFinished'
2026-04-13 09:33:37.563 [info] ExtensionService#_doActivateExtension vscode.merge-conflict, startup: false, activationEvent: 'onStartupFinished'
2026-04-13 09:33:38.951 [info] ExtensionService#_doActivateExtension vscode.git, startup: false, activationEvent: 'api', root cause: vscode.github
2026-04-13 09:34:38.108 [info] ExtensionService#_doActivateExtension vscode.terminal-suggest, startup: false, activationEvent: 'onTerminalShellIntegration:*'
2026-04-13 09:48:41.229 [info] ExtensionService#_doActivateExtension vscode.html-language-features, startup: false, activationEvent: 'onLanguage:html'
2026-04-13 09:48:48.608 [info] ExtensionService#_doActivateExtension vscode.typescript-language-features, startup: false, activationEvent: 'onLanguage:javascript'
2026-04-14 11:11:38.764 [info] Extension host terminating: renderer closed the MessagePort
2026-04-14 11:11:38.786 [info] Extension host with pid 6914 exiting with code 0
